3:44:50 PM - info: ::1 - GET / HTTP/1.1 200 1569 - 305.590 ms

3:44:50 PM - info: ::1 - GET /javascript/login.js HTTP/1.1 200 698 - 4.194 ms

3:44:50 PM - info: ::1 - GET /stylesheets/style.css HTTP/1.1 200 5588 - 1.399 ms

3:44:50 PM - info: ::1 - GET /javascript/jquery-3.4.1.min.js HTTP/1.1 200 88147 - 0.665 ms

3:44:50 PM - info: ::1 - GET /favicon.ico HTTP/1.1 404 3376 - 35.904 ms

3:45:02 PM - info: uid: 3B33A159 auth: true
3:45:02 PM - info: ::1 - POST /loginMethod HTTP/1.1 200 148 - 35.174 ms

3:45:02 PM - info: ::1 - GET /home?token=eyJhbGciOiJIUzI1NiIsInR5cCI6IkpXVCJ9.eyJpZCI6IjVhYjhiMTMzZDNlNzZkODFlN2QxYjdkNSIsImlhdCI6MTU2MDM0NzEwMn0.HJpX3DXiUfqguf-YpSDcEMHOk4ajdpToes9ukyIcRn8&uid=3B33A159 HTTP/1.1 200 1644 - 31.574 ms

3:45:02 PM - info: ::1 - GET /stylesheets/style.css HTTP/1.1 304 - - 2.297 ms

3:45:02 PM - info: ::1 - GET /javascript/jquery-3.4.1.min.js HTTP/1.1 304 - - 2.483 ms

3:45:02 PM - info: ::1 - GET /javascript/home.js HTTP/1.1 200 2759 - 4.669 ms

3:45:03 PM - info: ::1 - POST /sacche/datiSacche HTTP/1.1 200 1576 - 12.506 ms

3:45:21 PM - info: ::1 - GET /dettagliSacca?token=eyJhbGciOiJIUzI1NiIsInR5cCI6IkpXVCJ9.eyJpZCI6IjVhYjhiMTMzZDNlNzZkODFlN2QxYjdkNSIsImlhdCI6MTU2MDM0NzEwMn0.HJpX3DXiUfqguf-YpSDcEMHOk4ajdpToes9ukyIcRn8&uid=Test HTTP/1.1 200 8880 - 117.474 ms

3:45:21 PM - info: ::1 - GET /stylesheets/style.css HTTP/1.1 304 - - 0.872 ms

3:45:21 PM - info: ::1 - GET /javascript/jquery-3.4.1.min.js HTTP/1.1 304 - - 2.145 ms

3:45:21 PM - info: ::1 - GET /javascript/dettagliSacca.js HTTP/1.1 200 722 - 0.753 ms

3:52:47 PM - info: ::1 - GET / HTTP/1.1 304 - - 15.172 ms

3:52:47 PM - info: ::1 - GET /javascript/jquery-3.4.1.min.js HTTP/1.1 304 - - 1.788 ms

3:52:47 PM - info: ::1 - GET /javascript/login.js HTTP/1.1 304 - - 1.341 ms

3:52:47 PM - info: ::1 - GET /stylesheets/style.css HTTP/1.1 200 5588 - 0.700 ms

3:52:47 PM - info: ::1 - GET /favicon.ico HTTP/1.1 404 3376 - 21.191 ms

3:52:54 PM - info: ::1 - GET / HTTP/1.1 200 1569 - 281.407 ms

3:52:54 PM - info: ::1 - GET /javascript/jquery-3.4.1.min.js HTTP/1.1 304 - - 8.884 ms

3:52:54 PM - info: ::1 - GET /javascript/login.js HTTP/1.1 304 - - 0.877 ms

3:52:54 PM - info: ::1 - GET /stylesheets/style.css HTTP/1.1 200 5588 - 21.562 ms

3:52:54 PM - info: ::1 - GET /favicon.ico HTTP/1.1 - - - - ms

3:52:59 PM - info: uid: 3B33A159 auth: true
3:52:59 PM - info: ::1 - POST /loginMethod HTTP/1.1 200 148 - 30.162 ms

3:52:59 PM - info: ::1 - GET /home?token=eyJhbGciOiJIUzI1NiIsInR5cCI6IkpXVCJ9.eyJpZCI6IjVhYjhiMTMzZDNlNzZkODFlN2QxYjdkNSIsImlhdCI6MTU2MDM0NzU3OX0.KFDnorRhMgL_bOz58HNK8VZR2TnoxMkMzXHpEpmkaA4&uid=3B33A159 HTTP/1.1 200 1644 - 19.763 ms

3:52:59 PM - info: ::1 - GET /javascript/jquery-3.4.1.min.js HTTP/1.1 304 - - 1.245 ms

3:52:59 PM - info: ::1 - GET /javascript/home.js HTTP/1.1 304 - - 1.065 ms

3:52:59 PM - info: ::1 - GET /stylesheets/style.css HTTP/1.1 200 5588 - 3.722 ms

3:52:59 PM - info: ::1 - GET /favicon.ico HTTP/1.1 404 3376 - 21.274 ms

3:52:59 PM - info: ::1 - POST /sacche/datiSacche HTTP/1.1 200 1576 - 8.563 ms

3:53:22 PM - info: ::1 - GET /home?token=eyJhbGciOiJIUzI1NiIsInR5cCI6IkpXVCJ9.eyJpZCI6IjVhYjhiMTMzZDNlNzZkODFlN2QxYjdkNSIsImlhdCI6MTU2MDM0NzU3OX0.KFDnorRhMgL_bOz58HNK8VZR2TnoxMkMzXHpEpmkaA4&uid=3B33A159 HTTP/1.1 200 1644 - 25.130 ms

3:53:22 PM - info: ::1 - GET /javascript/jquery-3.4.1.min.js HTTP/1.1 304 - - 1.408 ms

3:53:22 PM - info: ::1 - GET /javascript/home.js HTTP/1.1 304 - - 1.172 ms

3:53:22 PM - info: ::1 - GET /stylesheets/style.css HTTP/1.1 200 5588 - 2.024 ms

3:53:23 PM - info: ::1 - GET /favicon.ico HTTP/1.1 - - - - ms

3:53:23 PM - info: ::1 - POST /sacche/datiSacche HTTP/1.1 200 1576 - 5.467 ms

3:53:45 PM - info: ::1 - GET /home?token=eyJhbGciOiJIUzI1NiIsInR5cCI6IkpXVCJ9.eyJpZCI6IjVhYjhiMTMzZDNlNzZkODFlN2QxYjdkNSIsImlhdCI6MTU2MDM0NzU3OX0.KFDnorRhMgL_bOz58HNK8VZR2TnoxMkMzXHpEpmkaA4&uid=3B33A159 HTTP/1.1 200 1644 - 16.899 ms

3:53:45 PM - info: ::1 - GET /javascript/jquery-3.4.1.min.js HTTP/1.1 304 - - 2.018 ms

3:53:45 PM - info: ::1 - GET /javascript/home.js HTTP/1.1 304 - - 1.400 ms

3:53:45 PM - info: ::1 - GET /stylesheets/style.css HTTP/1.1 200 5588 - 2.365 ms

3:53:45 PM - info: ::1 - GET /favicon.ico HTTP/1.1 404 3376 - 23.080 ms

3:53:45 PM - info: ::1 - POST /sacche/datiSacche HTTP/1.1 200 1576 - 2.925 ms

3:54:53 PM - info: ::1 - GET /home?token=eyJhbGciOiJIUzI1NiIsInR5cCI6IkpXVCJ9.eyJpZCI6IjVhYjhiMTMzZDNlNzZkODFlN2QxYjdkNSIsImlhdCI6MTU2MDM0NzU3OX0.KFDnorRhMgL_bOz58HNK8VZR2TnoxMkMzXHpEpmkaA4&uid=3B33A159 HTTP/1.1 200 1644 - 17.476 ms

3:54:53 PM - info: ::1 - GET /javascript/jquery-3.4.1.min.js HTTP/1.1 304 - - 1.699 ms

3:54:53 PM - info: ::1 - GET /javascript/home.js HTTP/1.1 304 - - 0.929 ms

3:54:53 PM - info: ::1 - GET /stylesheets/style.css HTTP/1.1 200 5590 - 3.094 ms

3:54:53 PM - info: ::1 - GET /favicon.ico HTTP/1.1 - - - - ms

3:54:53 PM - info: ::1 - POST /sacche/datiSacche HTTP/1.1 200 1576 - 3.367 ms

3:55:08 PM - info: ::1 - GET /home?token=eyJhbGciOiJIUzI1NiIsInR5cCI6IkpXVCJ9.eyJpZCI6IjVhYjhiMTMzZDNlNzZkODFlN2QxYjdkNSIsImlhdCI6MTU2MDM0NzU3OX0.KFDnorRhMgL_bOz58HNK8VZR2TnoxMkMzXHpEpmkaA4&uid=3B33A159 HTTP/1.1 200 1644 - 13.971 ms

3:55:08 PM - info: ::1 - GET /javascript/jquery-3.4.1.min.js HTTP/1.1 304 - - 1.555 ms

3:55:08 PM - info: ::1 - GET /javascript/home.js HTTP/1.1 304 - - 0.965 ms

3:55:08 PM - info: ::1 - GET /stylesheets/style.css HTTP/1.1 200 5590 - 2.034 ms

3:55:08 PM - info: ::1 - GET /favicon.ico HTTP/1.1 404 3376 - 26.273 ms

3:55:08 PM - info: ::1 - POST /sacche/datiSacche HTTP/1.1 200 1576 - 3.665 ms

3:55:17 PM - info: ::1 - GET /home?token=eyJhbGciOiJIUzI1NiIsInR5cCI6IkpXVCJ9.eyJpZCI6IjVhYjhiMTMzZDNlNzZkODFlN2QxYjdkNSIsImlhdCI6MTU2MDM0NzU3OX0.KFDnorRhMgL_bOz58HNK8VZR2TnoxMkMzXHpEpmkaA4&uid=3B33A159 HTTP/1.1 200 1644 - 304.322 ms

3:55:17 PM - info: ::1 - GET /javascript/jquery-3.4.1.min.js HTTP/1.1 304 - - 12.141 ms

3:55:17 PM - info: ::1 - GET /javascript/home.js HTTP/1.1 304 - - 6.247 ms

3:55:17 PM - info: ::1 - GET /stylesheets/style.css HTTP/1.1 200 5593 - 9.834 ms

3:55:17 PM - info: ::1 - POST /sacche/datiSacche HTTP/1.1 200 1576 - 31.453 ms

3:55:17 PM - info: ::1 - GET /favicon.ico HTTP/1.1 - - - - ms

3:55:20 PM - info: ::1 - GET /home?token=eyJhbGciOiJIUzI1NiIsInR5cCI6IkpXVCJ9.eyJpZCI6IjVhYjhiMTMzZDNlNzZkODFlN2QxYjdkNSIsImlhdCI6MTU2MDM0NzU3OX0.KFDnorRhMgL_bOz58HNK8VZR2TnoxMkMzXHpEpmkaA4&uid=3B33A159 HTTP/1.1 200 1644 - 20.028 ms

3:55:20 PM - info: ::1 - GET /javascript/jquery-3.4.1.min.js HTTP/1.1 304 - - 0.726 ms

3:55:20 PM - info: ::1 - GET /javascript/home.js HTTP/1.1 304 - - 0.284 ms

3:55:20 PM - info: ::1 - GET /stylesheets/style.css HTTP/1.1 200 5593 - 3.165 ms

3:55:20 PM - info: ::1 - GET /favicon.ico HTTP/1.1 - - - - ms

3:55:20 PM - info: ::1 - POST /sacche/datiSacche HTTP/1.1 200 1576 - 3.261 ms

3:55:23 PM - info: ::1 - GET / HTTP/1.1 200 1569 - 20.043 ms

3:55:24 PM - info: ::1 - GET / HTTP/1.1 200 1569 - 19.990 ms

3:55:24 PM - info: ::1 - GET /javascript/jquery-3.4.1.min.js HTTP/1.1 304 - - 1.659 ms

3:55:24 PM - info: ::1 - GET /javascript/login.js HTTP/1.1 304 - - 1.097 ms

3:55:24 PM - info: ::1 - GET /stylesheets/style.css HTTP/1.1 200 5593 - 3.184 ms

3:55:24 PM - info: ::1 - GET /favicon.ico HTTP/1.1 - - - - ms

3:56:35 PM - info: ::1 - GET / HTTP/1.1 304 - - 22.951 ms

3:56:35 PM - info: ::1 - GET /javascript/jquery-3.4.1.min.js HTTP/1.1 304 - - 0.765 ms

3:56:35 PM - info: ::1 - GET /stylesheets/style.css HTTP/1.1 304 - - 2.219 ms

3:56:35 PM - info: ::1 - GET /javascript/login.js HTTP/1.1 304 - - 1.682 ms

3:57:01 PM - info: ::1 - GET / HTTP/1.1 304 - - 21.834 ms

3:57:01 PM - info: ::1 - GET /javascript/jquery-3.4.1.min.js HTTP/1.1 304 - - 2.257 ms

3:57:01 PM - info: ::1 - GET /javascript/login.js HTTP/1.1 304 - - 1.978 ms

3:57:01 PM - info: ::1 - GET /stylesheets/style.css HTTP/1.1 200 5603 - 4.570 ms

3:57:28 PM - info: ::1 - GET / HTTP/1.1 200 1569 - 292.212 ms

3:57:28 PM - info: ::1 - GET /javascript/jquery-3.4.1.min.js HTTP/1.1 304 - - 8.143 ms

3:57:28 PM - info: ::1 - GET /javascript/login.js HTTP/1.1 304 - - 1.822 ms

3:57:28 PM - info: ::1 - GET /stylesheets/style.css HTTP/1.1 200 5613 - 16.873 ms

3:57:28 PM - info: ::1 - GET /favicon.ico HTTP/1.1 404 3376 - 34.566 ms

3:59:05 PM - info: ::1 - GET / HTTP/1.1 200 1569 - 28.630 ms

3:59:05 PM - info: ::1 - GET /javascript/jquery-3.4.1.min.js HTTP/1.1 304 - - 3.189 ms

3:59:05 PM - info: ::1 - GET /javascript/login.js HTTP/1.1 304 - - 4.393 ms

3:59:05 PM - info: ::1 - GET /stylesheets/style.css HTTP/1.1 200 5603 - 7.140 ms

3:59:05 PM - info: ::1 - GET /favicon.ico HTTP/1.1 404 3376 - 23.126 ms

3:59:24 PM - info: uid: 3B33A159 auth: true
3:59:24 PM - info: ::1 - POST /loginMethod HTTP/1.1 200 148 - 26.579 ms

3:59:24 PM - info: ::1 - GET /home?token=eyJhbGciOiJIUzI1NiIsInR5cCI6IkpXVCJ9.eyJpZCI6IjVhYjhiMTMzZDNlNzZkODFlN2QxYjdkNSIsImlhdCI6MTU2MDM0Nzk2NH0.hS57b95fAxAvx1KHC8151QgWixKG3_-2zXUvCImVI74&uid=3B33A159 HTTP/1.1 200 1644 - 18.743 ms

3:59:24 PM - info: ::1 - GET /javascript/jquery-3.4.1.min.js HTTP/1.1 304 - - 1.812 ms

3:59:24 PM - info: ::1 - GET /javascript/home.js HTTP/1.1 304 - - 1.242 ms

3:59:24 PM - info: ::1 - GET /stylesheets/style.css HTTP/1.1 200 5603 - 2.049 ms

3:59:24 PM - info: ::1 - GET /favicon.ico HTTP/1.1 404 3376 - 23.722 ms

3:59:24 PM - info: ::1 - POST /sacche/datiSacche HTTP/1.1 200 1576 - 9.158 ms

4:53:50 PM - info: ::1 - GET / HTTP/1.1 200 1569 - 18.092 ms

4:53:50 PM - info: ::1 - GET /stylesheets/style.css HTTP/1.1 200 5603 - 1.588 ms

4:53:50 PM - info: ::1 - GET /javascript/login.js HTTP/1.1 200 698 - 1.262 ms

4:53:50 PM - info: ::1 - GET /javascript/jquery-3.4.1.min.js HTTP/1.1 304 - - 0.398 ms

4:53:50 PM - info: ::1 - GET /favicon.ico HTTP/1.1 - - - - ms

4:54:03 PM - info: uid: 3B33A159 auth: true
4:54:03 PM - info: ::1 - POST /loginMethod HTTP/1.1 200 148 - 3.292 ms

4:54:03 PM - info: ::1 - GET /home?token=eyJhbGciOiJIUzI1NiIsInR5cCI6IkpXVCJ9.eyJpZCI6IjVhYjhiMTMzZDNlNzZkODFlN2QxYjdkNSIsImlhdCI6MTU2MDM1MTI0M30.kTu6T_eae2r03UnoI7DinxAhhue0dKfgYzCbRnkrb88&uid=3B33A159 HTTP/1.1 200 1644 - 16.111 ms

4:54:03 PM - info: ::1 - GET /javascript/jquery-3.4.1.min.js HTTP/1.1 304 - - 0.299 ms

4:54:03 PM - info: ::1 - GET /stylesheets/style.css HTTP/1.1 200 5603 - 2.575 ms

4:54:03 PM - info: ::1 - GET /javascript/home.js HTTP/1.1 304 - - 0.616 ms

4:54:03 PM - info: ::1 - POST /sacche/datiSacche HTTP/1.1 200 1576 - 3.299 ms

4:55:17 PM - info: ::1 - GET /stylesheets/style.css HTTP/1.1 200 5603 - 1.101 ms

4:55:17 PM - info: ::1 - GET /stylesheets/style.css HTTP/1.1 200 5603 - 1.210 ms

4:55:57 PM - info: ::1 - GET /home?token=eyJhbGciOiJIUzI1NiIsInR5cCI6IkpXVCJ9.eyJpZCI6IjVhYjhiMTMzZDNlNzZkODFlN2QxYjdkNSIsImlhdCI6MTU2MDM1MTI0M30.kTu6T_eae2r03UnoI7DinxAhhue0dKfgYzCbRnkrb88&uid=3B33A159 HTTP/1.1 200 1644 - 11.454 ms

4:55:57 PM - info: ::1 - GET /javascript/jquery-3.4.1.min.js HTTP/1.1 304 - - 0.842 ms

4:55:57 PM - info: ::1 - GET /javascript/home.js HTTP/1.1 304 - - 1.059 ms

4:55:57 PM - info: ::1 - GET /stylesheets/style.css HTTP/1.1 200 5628 - 2.829 ms

4:55:58 PM - info: ::1 - POST /sacche/datiSacche HTTP/1.1 200 1576 - 2.869 ms

4:56:10 PM - info: ::1 - GET /home?token=eyJhbGciOiJIUzI1NiIsInR5cCI6IkpXVCJ9.eyJpZCI6IjVhYjhiMTMzZDNlNzZkODFlN2QxYjdkNSIsImlhdCI6MTU2MDM1MTI0M30.kTu6T_eae2r03UnoI7DinxAhhue0dKfgYzCbRnkrb88&uid=3B33A159 HTTP/1.1 304 - - 12.604 ms

4:56:10 PM - info: ::1 - GET /stylesheets/style.css HTTP/1.1 200 5628 - 1.036 ms

4:56:10 PM - info: ::1 - GET /javascript/home.js HTTP/1.1 304 - - 1.202 ms

4:56:10 PM - info: ::1 - GET /javascript/jquery-3.4.1.min.js HTTP/1.1 304 - - 2.003 ms

4:56:10 PM - info: ::1 - POST /sacche/datiSacche HTTP/1.1 200 1576 - 3.429 ms

4:56:26 PM - info: ::1 - GET /home?token=eyJhbGciOiJIUzI1NiIsInR5cCI6IkpXVCJ9.eyJpZCI6IjVhYjhiMTMzZDNlNzZkODFlN2QxYjdkNSIsImlhdCI6MTU2MDM1MTI0M30.kTu6T_eae2r03UnoI7DinxAhhue0dKfgYzCbRnkrb88&uid=3B33A159 HTTP/1.1 304 - - 11.205 ms

4:56:26 PM - info: ::1 - GET /javascript/jquery-3.4.1.min.js HTTP/1.1 304 - - 1.092 ms

4:56:26 PM - info: ::1 - GET /javascript/home.js HTTP/1.1 304 - - 0.871 ms

4:56:26 PM - info: ::1 - GET /stylesheets/style.css HTTP/1.1 200 5626 - 3.605 ms

4:56:26 PM - info: ::1 - POST /sacche/datiSacche HTTP/1.1 200 1576 - 3.970 ms

4:58:36 PM - info: ::1 - GET / HTTP/1.1 304 - - 11.949 ms

4:58:36 PM - info: ::1 - GET /javascript/jquery-3.4.1.min.js HTTP/1.1 304 - - 0.827 ms

4:58:36 PM - info: ::1 - GET /javascript/login.js HTTP/1.1 304 - - 0.900 ms

4:58:36 PM - info: ::1 - GET /stylesheets/style.css HTTP/1.1 200 5636 - 3.049 ms

4:59:11 PM - info: ::1 - GET / HTTP/1.1 304 - - 13.002 ms

4:59:11 PM - info: ::1 - GET /javascript/jquery-3.4.1.min.js HTTP/1.1 304 - - 1.459 ms

4:59:11 PM - info: ::1 - GET /javascript/login.js HTTP/1.1 304 - - 0.768 ms

4:59:11 PM - info: ::1 - GET /stylesheets/style.css HTTP/1.1 200 5636 - 3.402 ms

4:59:26 PM - info: ::1 - GET / HTTP/1.1 304 - - 9.200 ms

4:59:26 PM - info: ::1 - GET /stylesheets/style.css HTTP/1.1 304 - - 0.405 ms

4:59:26 PM - info: ::1 - GET /javascript/jquery-3.4.1.min.js HTTP/1.1 304 - - 2.157 ms

4:59:26 PM - info: ::1 - GET /javascript/login.js HTTP/1.1 304 - - 1.460 ms

4:59:28 PM - info: ::1 - GET / HTTP/1.1 304 - - 11.326 ms

4:59:28 PM - info: ::1 - GET /stylesheets/style.css HTTP/1.1 304 - - 1.826 ms

4:59:28 PM - info: ::1 - GET /javascript/jquery-3.4.1.min.js HTTP/1.1 304 - - 1.915 ms

4:59:28 PM - info: ::1 - GET /javascript/login.js HTTP/1.1 304 - - 1.343 ms

4:59:46 PM - info: ::1 - GET / HTTP/1.1 304 - - 10.069 ms

4:59:46 PM - info: ::1 - GET /stylesheets/style.css HTTP/1.1 304 - - 1.600 ms

4:59:46 PM - info: ::1 - GET /javascript/jquery-3.4.1.min.js HTTP/1.1 304 - - 1.212 ms

4:59:46 PM - info: ::1 - GET /javascript/login.js HTTP/1.1 304 - - 1.495 ms

4:59:52 PM - info: ::1 - GET / HTTP/1.1 304 - - 291.071 ms

4:59:52 PM - info: ::1 - GET /javascript/jquery-3.4.1.min.js HTTP/1.1 304 - - 5.181 ms

4:59:52 PM - info: ::1 - GET /javascript/login.js HTTP/1.1 304 - - 7.701 ms

4:59:52 PM - info: ::1 - GET /stylesheets/style.css HTTP/1.1 200 5623 - 13.943 ms

5:00:03 PM - info: ::1 - GET / HTTP/1.1 304 - - 22.608 ms

5:00:03 PM - info: ::1 - GET /stylesheets/style.css HTTP/1.1 304 - - 0.603 ms

5:00:03 PM - info: ::1 - GET /javascript/jquery-3.4.1.min.js HTTP/1.1 304 - - 0.671 ms

5:00:03 PM - info: ::1 - GET /javascript/login.js HTTP/1.1 304 - - 0.942 ms

5:00:11 PM - info: ::1 - GET / HTTP/1.1 304 - - 270.499 ms

5:00:11 PM - info: ::1 - GET /javascript/jquery-3.4.1.min.js HTTP/1.1 304 - - 5.942 ms

5:00:11 PM - info: ::1 - GET /javascript/login.js HTTP/1.1 304 - - 8.914 ms

5:00:11 PM - info: ::1 - GET /stylesheets/style.css HTTP/1.1 200 5626 - 21.217 ms

5:00:33 PM - info: ::1 - GET / HTTP/1.1 304 - - 281.699 ms

5:00:33 PM - info: ::1 - GET /javascript/jquery-3.4.1.min.js HTTP/1.1 304 - - 10.155 ms

5:00:33 PM - info: ::1 - GET /javascript/login.js HTTP/1.1 304 - - 12.393 ms

5:00:33 PM - info: ::1 - GET /stylesheets/style.css HTTP/1.1 200 5636 - 23.125 ms

5:01:27 PM - info: ::1 - GET / HTTP/1.1 304 - - 280.774 ms

5:01:27 PM - info: ::1 - GET /javascript/jquery-3.4.1.min.js HTTP/1.1 304 - - 1.118 ms

5:01:27 PM - info: ::1 - GET /javascript/login.js HTTP/1.1 304 - - 2.073 ms

5:01:27 PM - info: ::1 - GET /stylesheets/style.css HTTP/1.1 200 5636 - 6.540 ms

5:02:22 PM - info: uid: 3B33A159 auth: true
5:02:22 PM - info: ::1 - POST /loginMethod HTTP/1.1 200 148 - 29.093 ms

5:02:22 PM - info: ::1 - GET /home?token=eyJhbGciOiJIUzI1NiIsInR5cCI6IkpXVCJ9.eyJpZCI6IjVhYjhiMTMzZDNlNzZkODFlN2QxYjdkNSIsImlhdCI6MTU2MDM1MTc0Mn0.ZQlA5t_EwHhqKr7zXqI4P2mOVGXmxHHe9mpgOIfONrw&uid=3B33A159 HTTP/1.1 200 1644 - 32.788 ms

5:02:22 PM - info: ::1 - GET /javascript/jquery-3.4.1.min.js HTTP/1.1 304 - - 0.560 ms

5:02:22 PM - info: ::1 - GET /stylesheets/style.css HTTP/1.1 304 - - 0.427 ms

5:02:22 PM - info: ::1 - GET /javascript/home.js HTTP/1.1 304 - - 1.052 ms

5:02:23 PM - info: ::1 - GET /favicon.ico HTTP/1.1 - - - - ms

5:02:23 PM - info: ::1 - POST /sacche/datiSacche HTTP/1.1 200 1576 - 8.619 ms

5:02:26 PM - info: ::1 - GET /dettagliSacca?token=eyJhbGciOiJIUzI1NiIsInR5cCI6IkpXVCJ9.eyJpZCI6IjVhYjhiMTMzZDNlNzZkODFlN2QxYjdkNSIsImlhdCI6MTU2MDM1MTc0Mn0.ZQlA5t_EwHhqKr7zXqI4P2mOVGXmxHHe9mpgOIfONrw&uid=Test HTTP/1.1 200 8880 - 111.609 ms

5:02:26 PM - info: ::1 - GET /javascript/jquery-3.4.1.min.js HTTP/1.1 304 - - 0.291 ms

5:02:26 PM - info: ::1 - GET /stylesheets/style.css HTTP/1.1 304 - - 0.251 ms

5:02:26 PM - info: ::1 - GET /javascript/dettagliSacca.js HTTP/1.1 304 - - 0.253 ms

5:02:26 PM - info: ::1 - GET /favicon.ico HTTP/1.1 404 3376 - 18.399 ms

5:03:02 PM - info: ::1 - GET /home?token=eyJhbGciOiJIUzI1NiIsInR5cCI6IkpXVCJ9.eyJpZCI6IjVhYjhiMTMzZDNlNzZkODFlN2QxYjdkNSIsImlhdCI6MTU2MDM1MTc0Mn0.ZQlA5t_EwHhqKr7zXqI4P2mOVGXmxHHe9mpgOIfONrw&uid=3B33A159 HTTP/1.1 200 1668 - 296.589 ms

5:03:02 PM - info: ::1 - GET /javascript/jquery-3.4.1.min.js HTTP/1.1 304 - - 3.516 ms

5:03:02 PM - info: ::1 - GET /javascript/home.js HTTP/1.1 304 - - 7.008 ms

5:03:02 PM - info: ::1 - GET /stylesheets/style.css HTTP/1.1 200 5636 - 10.463 ms

5:03:02 PM - info: ::1 - GET /favicon.ico HTTP/1.1 - - - - ms

5:03:02 PM - info: ::1 - POST /sacche/datiSacche HTTP/1.1 200 1576 - 29.579 ms

5:03:19 PM - info: ::1 - GET /home?token=eyJhbGciOiJIUzI1NiIsInR5cCI6IkpXVCJ9.eyJpZCI6IjVhYjhiMTMzZDNlNzZkODFlN2QxYjdkNSIsImlhdCI6MTU2MDM1MTc0Mn0.ZQlA5t_EwHhqKr7zXqI4P2mOVGXmxHHe9mpgOIfONrw&uid=3B33A159 HTTP/1.1 200 1668 - 280.628 ms

5:03:19 PM - info: ::1 - GET /javascript/jquery-3.4.1.min.js HTTP/1.1 304 - - 4.519 ms

5:03:19 PM - info: ::1 - GET /javascript/home.js HTTP/1.1 304 - - 12.905 ms

5:03:19 PM - info: ::1 - GET /stylesheets/style.css HTTP/1.1 200 5636 - 24.033 ms

5:03:19 PM - info: ::1 - GET /favicon.ico HTTP/1.1 - - - - ms

5:03:19 PM - info: ::1 - POST /sacche/datiSacche HTTP/1.1 200 1576 - 26.923 ms

5:04:18 PM - info: ::1 - GET /home?token=eyJhbGciOiJIUzI1NiIsInR5cCI6IkpXVCJ9.eyJpZCI6IjVhYjhiMTMzZDNlNzZkODFlN2QxYjdkNSIsImlhdCI6MTU2MDM1MTc0Mn0.ZQlA5t_EwHhqKr7zXqI4P2mOVGXmxHHe9mpgOIfONrw&uid=3B33A159 HTTP/1.1 200 1668 - 24.488 ms

5:04:18 PM - info: ::1 - GET /javascript/jquery-3.4.1.min.js HTTP/1.1 304 - - 2.423 ms

5:04:18 PM - info: ::1 - GET /javascript/home.js HTTP/1.1 304 - - 1.618 ms

5:04:18 PM - info: ::1 - GET /stylesheets/style.css HTTP/1.1 200 5636 - 0.842 ms

5:04:18 PM - info: ::1 - GET /favicon.ico HTTP/1.1 - - - - ms

5:04:18 PM - info: ::1 - POST /sacche/datiSacche HTTP/1.1 200 1576 - 5.112 ms

5:05:20 PM - info: ::1 - GET /home?token=eyJhbGciOiJIUzI1NiIsInR5cCI6IkpXVCJ9.eyJpZCI6IjVhYjhiMTMzZDNlNzZkODFlN2QxYjdkNSIsImlhdCI6MTU2MDM1MTc0Mn0.ZQlA5t_EwHhqKr7zXqI4P2mOVGXmxHHe9mpgOIfONrw&uid=3B33A159 HTTP/1.1 200 1763 - 296.441 ms

5:05:20 PM - info: ::1 - GET /javascript/jquery-3.4.1.min.js HTTP/1.1 304 - - 13.000 ms

5:05:20 PM - info: ::1 - GET /javascript/home.js HTTP/1.1 304 - - 14.447 ms

5:05:20 PM - info: ::1 - GET /stylesheets/style.css HTTP/1.1 200 5636 - 28.368 ms

5:05:21 PM - info: ::1 - GET /favicon.ico HTTP/1.1 404 3376 - 39.770 ms

5:05:21 PM - info: ::1 - POST /sacche/datiSacche HTTP/1.1 200 1576 - 27.734 ms

5:06:14 PM - info: ::1 - GET /home?token=eyJhbGciOiJIUzI1NiIsInR5cCI6IkpXVCJ9.eyJpZCI6IjVhYjhiMTMzZDNlNzZkODFlN2QxYjdkNSIsImlhdCI6MTU2MDM1MTc0Mn0.ZQlA5t_EwHhqKr7zXqI4P2mOVGXmxHHe9mpgOIfONrw&uid=3B33A159 HTTP/1.1 200 1832 - 34.765 ms

5:06:15 PM - info: ::1 - GET /javascript/jquery-3.4.1.min.js HTTP/1.1 304 - - 1.345 ms

5:06:15 PM - info: ::1 - GET /javascript/home.js HTTP/1.1 304 - - 1.212 ms

5:06:15 PM - info: ::1 - GET /stylesheets/style.css HTTP/1.1 200 5636 - 2.977 ms

5:06:15 PM - info: ::1 - GET /favicon.ico HTTP/1.1 - - - - ms

5:06:15 PM - info: ::1 - POST /sacche/datiSacche HTTP/1.1 200 1576 - 7.685 ms

