10:25:24 AM - info: ::1 - GET / HTTP/1.1 304 - - 359.216 ms

10:25:24 AM - info: ::1 - GET /stylesheets/style.css HTTP/1.1 304 - - 1.849 ms

10:25:24 AM - info: ::1 - GET /javascript/jquery-3.4.1.min.js HTTP/1.1 304 - - 1.727 ms

10:25:24 AM - info: ::1 - GET /javascript/Menu.js HTTP/1.1 304 - - 1.168 ms

10:25:24 AM - info: ::1 - GET /javascript/login.js HTTP/1.1 304 - - 0.693 ms

10:25:24 AM - info: ::1 - GET /favicon.ico HTTP/1.1 404 4066 - 56.749 ms

10:25:33 AM - info: uid: 3B33A159 auth: true
10:25:33 AM - info: ::1 - POST /loginMethod HTTP/1.1 200 148 - 41.501 ms

10:25:33 AM - info: ::1 - GET /home?token=eyJhbGciOiJIUzI1NiIsInR5cCI6IkpXVCJ9.eyJpZCI6IjVhYjhiMTMzZDNlNzZkODFlN2QxYjdkNSIsImlhdCI6MTU2MDc1OTkzM30.D1AAgJ49ZO3NaF9hoezo5B570ZtiM2lGAOz_-Li-v4I&uid=3B33A159 HTTP/1.1 200 2509 - 30.864 ms

10:25:33 AM - info: ::1 - GET /javascript/jquery-3.4.1.min.js HTTP/1.1 304 - - 2.603 ms

10:25:33 AM - info: ::1 - GET /javascript/Menu.js HTTP/1.1 304 - - 2.259 ms

10:25:33 AM - info: ::1 - GET /javascript/home.js HTTP/1.1 200 2733 - 10.890 ms

10:25:33 AM - info: ::1 - GET /stylesheets/style.css HTTP/1.1 200 5849 - 13.340 ms

10:25:33 AM - info: ::1 - GET /favicon.ico HTTP/1.1 - - - - ms

10:25:33 AM - info: ::1 - POST /sacche/datiSacche HTTP/1.1 200 1580 - 10.317 ms

10:25:36 AM - info: ::1 - GET /nuovaSacca?token=eyJhbGciOiJIUzI1NiIsInR5cCI6IkpXVCJ9.eyJpZCI6IjVhYjhiMTMzZDNlNzZkODFlN2QxYjdkNSIsImlhdCI6MTU2MDc1OTkzM30.D1AAgJ49ZO3NaF9hoezo5B570ZtiM2lGAOz_-Li-v4I HTTP/1.1 200 6671 - 89.818 ms

10:25:36 AM - info: ::1 - GET /javascript/jquery-3.4.1.min.js HTTP/1.1 304 - - 2.396 ms

10:25:36 AM - info: ::1 - GET /javascript/Menu.js HTTP/1.1 304 - - 4.372 ms

10:25:36 AM - info: ::1 - GET /stylesheets/style.css HTTP/1.1 200 5849 - 5.844 ms

10:25:36 AM - info: ::1 - GET /javascript/nuovaSacca.js HTTP/1.1 200 3254 - 8.174 ms

10:25:36 AM - info: ::1 - GET /favicon.ico HTTP/1.1 404 4066 - 26.743 ms

10:26:35 AM - info: ::1 - POST /postNuovaSacca HTTP/1.1 200 8 - 0.555 ms

10:29:15 AM - info: ::1 - POST /postNuovaSacca HTTP/1.1 200 8 - 0.310 ms

10:35:08 AM - info: ::1 - GET /nuovaSacca?token=eyJhbGciOiJIUzI1NiIsInR5cCI6IkpXVCJ9.eyJpZCI6IjVhYjhiMTMzZDNlNzZkODFlN2QxYjdkNSIsImlhdCI6MTU2MDc1OTkzM30.D1AAgJ49ZO3NaF9hoezo5B570ZtiM2lGAOz_-Li-v4I HTTP/1.1 304 - - 414.774 ms

10:35:09 AM - info: ::1 - GET /stylesheets/style.css HTTP/1.1 304 - - 4.227 ms

10:35:09 AM - info: ::1 - GET /javascript/jquery-3.4.1.min.js HTTP/1.1 304 - - 2.140 ms

10:35:09 AM - info: ::1 - GET /javascript/Menu.js HTTP/1.1 304 - - 4.000 ms

10:35:09 AM - info: ::1 - GET /javascript/nuovaSacca.js HTTP/1.1 200 3322 - 4.834 ms

10:35:09 AM - info: ::1 - GET /favicon.ico HTTP/1.1 404 4066 - 30.556 ms

10:35:13 AM - info: ::1 - POST /postNuovaSacca HTTP/1.1 400 38 - 15.171 ms

10:36:31 AM - info: ::1 - GET /nuovaSacca?token=eyJhbGciOiJIUzI1NiIsInR5cCI6IkpXVCJ9.eyJpZCI6IjVhYjhiMTMzZDNlNzZkODFlN2QxYjdkNSIsImlhdCI6MTU2MDc1OTkzM30.D1AAgJ49ZO3NaF9hoezo5B570ZtiM2lGAOz_-Li-v4I HTTP/1.1 304 - - 440.122 ms

10:36:31 AM - info: ::1 - GET /stylesheets/style.css HTTP/1.1 304 - - 4.294 ms

10:36:31 AM - info: ::1 - GET /javascript/jquery-3.4.1.min.js HTTP/1.1 304 - - 3.402 ms

10:36:31 AM - info: ::1 - GET /javascript/Menu.js HTTP/1.1 304 - - 3.528 ms

10:36:31 AM - info: ::1 - GET /javascript/nuovaSacca.js HTTP/1.1 200 3324 - 6.397 ms

10:36:33 AM - info: ::1 - POST /postNuovaSacca HTTP/1.1 400 38 - 15.752 ms

10:38:52 AM - info: ::1 - GET /nuovaSacca?token=eyJhbGciOiJIUzI1NiIsInR5cCI6IkpXVCJ9.eyJpZCI6IjVhYjhiMTMzZDNlNzZkODFlN2QxYjdkNSIsImlhdCI6MTU2MDc1OTkzM30.D1AAgJ49ZO3NaF9hoezo5B570ZtiM2lGAOz_-Li-v4I HTTP/1.1 304 - - 495.918 ms

10:38:52 AM - info: ::1 - GET /stylesheets/style.css HTTP/1.1 304 - - 3.394 ms

10:38:52 AM - info: ::1 - GET /javascript/jquery-3.4.1.min.js HTTP/1.1 304 - - 5.172 ms

10:38:52 AM - info: ::1 - GET /javascript/Menu.js HTTP/1.1 304 - - 1.060 ms

10:38:52 AM - info: ::1 - GET /javascript/nuovaSacca.js HTTP/1.1 200 3432 - 5.257 ms

10:38:56 AM - info: ::1 - POST /postNuovaSacca HTTP/1.1 400 38 - 33.332 ms

10:46:42 AM - info: ::1 - GET /nuovaSacca?token=eyJhbGciOiJIUzI1NiIsInR5cCI6IkpXVCJ9.eyJpZCI6IjVhYjhiMTMzZDNlNzZkODFlN2QxYjdkNSIsImlhdCI6MTU2MDc1OTkzM30.D1AAgJ49ZO3NaF9hoezo5B570ZtiM2lGAOz_-Li-v4I HTTP/1.1 304 - - 493.978 ms

10:46:42 AM - info: ::1 - GET /stylesheets/style.css HTTP/1.1 304 - - 3.943 ms

10:46:42 AM - info: ::1 - GET /javascript/Menu.js HTTP/1.1 304 - - 4.098 ms

10:46:42 AM - info: ::1 - GET /javascript/jquery-3.4.1.min.js HTTP/1.1 304 - - 5.035 ms

10:46:42 AM - info: ::1 - GET /javascript/nuovaSacca.js HTTP/1.1 200 3557 - 5.866 ms

10:48:37 AM - info: ::1 - GET /nuovaSacca?token=eyJhbGciOiJIUzI1NiIsInR5cCI6IkpXVCJ9.eyJpZCI6IjVhYjhiMTMzZDNlNzZkODFlN2QxYjdkNSIsImlhdCI6MTU2MDc1OTkzM30.D1AAgJ49ZO3NaF9hoezo5B570ZtiM2lGAOz_-Li-v4I HTTP/1.1 304 - - 166.032 ms

10:48:37 AM - info: ::1 - GET /stylesheets/style.css HTTP/1.1 304 - - 1.561 ms

10:48:37 AM - info: ::1 - GET /javascript/Menu.js HTTP/1.1 304 - - 1.167 ms

10:48:37 AM - info: ::1 - GET /javascript/jquery-3.4.1.min.js HTTP/1.1 304 - - 0.494 ms

10:48:37 AM - info: ::1 - GET /javascript/nuovaSacca.js HTTP/1.1 200 3563 - 2.456 ms

10:49:13 AM - info: ::1 - GET /nuovaSacca?token=eyJhbGciOiJIUzI1NiIsInR5cCI6IkpXVCJ9.eyJpZCI6IjVhYjhiMTMzZDNlNzZkODFlN2QxYjdkNSIsImlhdCI6MTU2MDc1OTkzM30.D1AAgJ49ZO3NaF9hoezo5B570ZtiM2lGAOz_-Li-v4I HTTP/1.1 200 6746 - 83.340 ms

10:49:13 AM - info: ::1 - GET /stylesheets/style.css HTTP/1.1 304 - - 0.358 ms

10:49:13 AM - info: ::1 - GET /javascript/jquery-3.4.1.min.js HTTP/1.1 304 - - 0.496 ms

10:49:13 AM - info: ::1 - GET /javascript/Menu.js HTTP/1.1 304 - - 0.647 ms

10:49:13 AM - info: ::1 - GET /javascript/nuovaSacca.js HTTP/1.1 304 - - 0.845 ms

10:51:14 AM - info: ::1 - GET /nuovaSacca?token=eyJhbGciOiJIUzI1NiIsInR5cCI6IkpXVCJ9.eyJpZCI6IjVhYjhiMTMzZDNlNzZkODFlN2QxYjdkNSIsImlhdCI6MTU2MDc1OTkzM30.D1AAgJ49ZO3NaF9hoezo5B570ZtiM2lGAOz_-Li-v4I HTTP/1.1 304 - - 85.222 ms

10:51:14 AM - info: ::1 - GET /stylesheets/style.css HTTP/1.1 304 - - 0.989 ms

10:51:14 AM - info: ::1 - GET /javascript/Menu.js HTTP/1.1 304 - - 1.793 ms

10:51:14 AM - info: ::1 - GET /javascript/jquery-3.4.1.min.js HTTP/1.1 304 - - 3.297 ms

10:51:14 AM - info: ::1 - GET /javascript/nuovaSacca.js HTTP/1.1 200 3587 - 1.244 ms

10:53:55 AM - info: ::1 - GET /nuovaSacca?token=eyJhbGciOiJIUzI1NiIsInR5cCI6IkpXVCJ9.eyJpZCI6IjVhYjhiMTMzZDNlNzZkODFlN2QxYjdkNSIsImlhdCI6MTU2MDc1OTkzM30.D1AAgJ49ZO3NaF9hoezo5B570ZtiM2lGAOz_-Li-v4I HTTP/1.1 200 6755 - 97.411 ms

10:53:55 AM - info: ::1 - GET /stylesheets/style.css HTTP/1.1 304 - - 4.405 ms

10:53:55 AM - info: ::1 - GET /javascript/jquery-3.4.1.min.js HTTP/1.1 304 - - 3.685 ms

10:53:55 AM - info: ::1 - GET /javascript/Menu.js HTTP/1.1 304 - - 2.882 ms

10:53:55 AM - info: ::1 - GET /javascript/nuovaSacca.js HTTP/1.1 304 - - 4.484 ms

10:54:54 AM - info: ::1 - GET /nuovaSacca?token=eyJhbGciOiJIUzI1NiIsInR5cCI6IkpXVCJ9.eyJpZCI6IjVhYjhiMTMzZDNlNzZkODFlN2QxYjdkNSIsImlhdCI6MTU2MDc1OTkzM30.D1AAgJ49ZO3NaF9hoezo5B570ZtiM2lGAOz_-Li-v4I HTTP/1.1 200 6746 - 62.837 ms

10:54:54 AM - info: ::1 - GET /stylesheets/style.css HTTP/1.1 304 - - 0.988 ms

10:54:54 AM - info: ::1 - GET /javascript/jquery-3.4.1.min.js HTTP/1.1 304 - - 0.642 ms

10:54:54 AM - info: ::1 - GET /javascript/Menu.js HTTP/1.1 304 - - 0.858 ms

10:54:54 AM - info: ::1 - GET /javascript/nuovaSacca.js HTTP/1.1 200 3587 - 1.986 ms

10:55:33 AM - info: ::1 - GET /nuovaSacca?token=eyJhbGciOiJIUzI1NiIsInR5cCI6IkpXVCJ9.eyJpZCI6IjVhYjhiMTMzZDNlNzZkODFlN2QxYjdkNSIsImlhdCI6MTU2MDc1OTkzM30.D1AAgJ49ZO3NaF9hoezo5B570ZtiM2lGAOz_-Li-v4I HTTP/1.1 304 - - 402.361 ms

10:55:33 AM - info: ::1 - GET /stylesheets/style.css HTTP/1.1 304 - - 5.206 ms

10:55:33 AM - info: ::1 - GET /javascript/jquery-3.4.1.min.js HTTP/1.1 304 - - 5.417 ms

10:55:33 AM - info: ::1 - GET /javascript/Menu.js HTTP/1.1 304 - - 5.538 ms

10:55:33 AM - info: ::1 - GET /javascript/nuovaSacca.js HTTP/1.1 200 3587 - 8.125 ms

10:57:15 AM - info: ::1 - GET /nuovaSacca?token=eyJhbGciOiJIUzI1NiIsInR5cCI6IkpXVCJ9.eyJpZCI6IjVhYjhiMTMzZDNlNzZkODFlN2QxYjdkNSIsImlhdCI6MTU2MDc1OTkzM30.D1AAgJ49ZO3NaF9hoezo5B570ZtiM2lGAOz_-Li-v4I HTTP/1.1 304 - - 423.802 ms

10:57:15 AM - info: ::1 - GET /stylesheets/style.css HTTP/1.1 304 - - 1.863 ms

10:57:15 AM - info: ::1 - GET /javascript/jquery-3.4.1.min.js HTTP/1.1 304 - - 3.446 ms

10:57:15 AM - info: ::1 - GET /javascript/Menu.js HTTP/1.1 304 - - 4.507 ms

10:57:15 AM - info: ::1 - GET /javascript/nuovaSacca.js HTTP/1.1 200 3635 - 7.889 ms

