10:59:37 - info: ::1 - GET / HTTP/1.1 200 1635 - 382.141 ms

10:59:37 - info: ::1 - GET /javascript/Menu.js HTTP/1.1 200 599 - 7.511 ms

10:59:37 - info: ::1 - GET /javascript/login.js HTTP/1.1 200 698 - 9.439 ms

10:59:37 - info: ::1 - GET /javascript/jquery-3.4.1.min.js HTTP/1.1 200 88147 - 8.004 ms

10:59:37 - info: ::1 - GET /stylesheets/style.css HTTP/1.1 200 5849 - 50.906 ms

10:59:38 - info: ::1 - GET /favicon.ico HTTP/1.1 404 3755 - 40.114 ms

10:59:41 - info: ::1 - POST /loginMethod HTTP/1.1 404 18 - 22.238 ms

10:59:55 - info: ::1 - GET /nuovasacca HTTP/1.1 200 10052 - 136.327 ms

10:59:55 - info: ::1 - GET /stylesheets/style.css HTTP/1.1 304 - - 1.489 ms

10:59:55 - info: ::1 - GET /javascript/jquery-3.4.1.min.js HTTP/1.1 304 - - 1.336 ms

10:59:55 - info: ::1 - GET /javascript/Menu.js HTTP/1.1 304 - - 0.345 ms

10:59:55 - info: ::1 - GET /javascript/dettagliSacca.js HTTP/1.1 200 2694 - 7.223 ms

10:59:55 - info: ::1 - POST /sacche/datiSacca HTTP/1.1 400 38 - 0.579 ms

11:00:56 - info: ::1 - GET /nuovasacca HTTP/1.1 304 - - 358.940 ms

11:00:56 - info: ::1 - GET /stylesheets/style.css HTTP/1.1 304 - - 2.600 ms

11:00:56 - info: ::1 - GET /javascript/jquery-3.4.1.min.js HTTP/1.1 304 - - 3.062 ms

11:00:56 - info: ::1 - GET /javascript/Menu.js HTTP/1.1 304 - - 3.834 ms

11:00:56 - info: ::1 - GET /javascript/dettagliSacca.js HTTP/1.1 304 - - 4.130 ms

11:00:56 - info: ::1 - POST /sacche/datiSacca HTTP/1.1 400 38 - 13.901 ms

11:00:57 - info: ::1 - GET /nuovasacca HTTP/1.1 304 - - 66.212 ms

11:00:57 - info: ::1 - GET /javascript/jquery-3.4.1.min.js HTTP/1.1 304 - - 0.289 ms

11:00:57 - info: ::1 - GET /stylesheets/style.css HTTP/1.1 304 - - 1.038 ms

11:00:57 - info: ::1 - GET /javascript/Menu.js HTTP/1.1 304 - - 0.644 ms

11:00:57 - info: ::1 - GET /javascript/dettagliSacca.js HTTP/1.1 304 - - 0.858 ms

11:00:57 - info: ::1 - POST /sacche/datiSacca HTTP/1.1 400 38 - 0.469 ms

11:00:58 - info: ::1 - GET /nuovasacca HTTP/1.1 304 - - 53.324 ms

11:00:58 - info: ::1 - GET /stylesheets/style.css HTTP/1.1 304 - - 0.464 ms

11:00:58 - info: ::1 - GET /javascript/jquery-3.4.1.min.js HTTP/1.1 304 - - 0.837 ms

11:00:58 - info: ::1 - GET /javascript/Menu.js HTTP/1.1 304 - - 0.812 ms

11:00:58 - info: ::1 - GET /javascript/dettagliSacca.js HTTP/1.1 304 - - 0.576 ms

11:00:58 - info: ::1 - POST /sacche/datiSacca HTTP/1.1 400 38 - 0.375 ms

11:00:58 - info: ::1 - GET /nuovasacca HTTP/1.1 304 - - 58.007 ms

11:00:58 - info: ::1 - GET /stylesheets/style.css HTTP/1.1 304 - - 0.857 ms

11:00:58 - info: ::1 - GET /javascript/jquery-3.4.1.min.js HTTP/1.1 304 - - 1.056 ms

11:00:58 - info: ::1 - GET /javascript/Menu.js HTTP/1.1 304 - - 1.252 ms

11:00:58 - info: ::1 - GET /javascript/dettagliSacca.js HTTP/1.1 304 - - 1.499 ms

11:00:58 - info: ::1 - POST /sacche/datiSacca HTTP/1.1 400 38 - 0.406 ms

11:00:59 - info: ::1 - GET /nuovasacca HTTP/1.1 304 - - 42.778 ms

11:00:59 - info: ::1 - GET /stylesheets/style.css HTTP/1.1 304 - - 0.549 ms

11:00:59 - info: ::1 - GET /javascript/jquery-3.4.1.min.js HTTP/1.1 304 - - 0.673 ms

11:00:59 - info: ::1 - GET /javascript/Menu.js HTTP/1.1 304 - - 0.438 ms

11:00:59 - info: ::1 - GET /javascript/dettagliSacca.js HTTP/1.1 304 - - 0.735 ms

11:00:59 - info: ::1 - POST /sacche/datiSacca HTTP/1.1 400 38 - 0.292 ms

11:00:59 - info: ::1 - GET /nuovasacca HTTP/1.1 304 - - 37.143 ms

11:00:59 - info: ::1 - GET /stylesheets/style.css HTTP/1.1 304 - - 1.487 ms

11:00:59 - info: ::1 - GET /javascript/jquery-3.4.1.min.js HTTP/1.1 304 - - 1.729 ms

11:00:59 - info: ::1 - GET /javascript/Menu.js HTTP/1.1 304 - - 2.270 ms

11:00:59 - info: ::1 - GET /javascript/dettagliSacca.js HTTP/1.1 304 - - 3.040 ms

11:00:59 - info: ::1 - POST /sacche/datiSacca HTTP/1.1 400 38 - 0.572 ms

11:00:59 - info: ::1 - GET /nuovasacca HTTP/1.1 304 - - 40.167 ms

11:00:59 - info: ::1 - GET /stylesheets/style.css HTTP/1.1 304 - - 0.742 ms

11:00:59 - info: ::1 - GET /javascript/jquery-3.4.1.min.js HTTP/1.1 304 - - 0.902 ms

11:00:59 - info: ::1 - GET /javascript/Menu.js HTTP/1.1 304 - - 1.392 ms

11:00:59 - info: ::1 - GET /javascript/dettagliSacca.js HTTP/1.1 304 - - 0.673 ms

11:00:59 - info: ::1 - POST /sacche/datiSacca HTTP/1.1 400 38 - 0.382 ms

11:00:59 - info: ::1 - GET /nuovasacca HTTP/1.1 304 - - 44.447 ms

11:00:59 - info: ::1 - GET /stylesheets/style.css HTTP/1.1 304 - - 0.920 ms

11:00:59 - info: ::1 - GET /javascript/jquery-3.4.1.min.js HTTP/1.1 304 - - 1.359 ms

11:00:59 - info: ::1 - GET /javascript/Menu.js HTTP/1.1 304 - - 1.147 ms

11:00:59 - info: ::1 - GET /javascript/dettagliSacca.js HTTP/1.1 304 - - 1.457 ms

11:00:59 - info: ::1 - POST /sacche/datiSacca HTTP/1.1 400 38 - 0.341 ms

11:01:13 - info: ::1 - GET /nuovasacca HTTP/1.1 304 - - 368.396 ms

11:01:13 - info: ::1 - GET /stylesheets/style.css HTTP/1.1 304 - - 2.248 ms

11:01:13 - info: ::1 - GET /javascript/jquery-3.4.1.min.js HTTP/1.1 304 - - 2.581 ms

11:01:13 - info: ::1 - GET /javascript/Menu.js HTTP/1.1 304 - - 2.486 ms

11:01:13 - info: ::1 - GET /javascript/dettagliSacca.js HTTP/1.1 304 - - 2.704 ms

11:01:13 - info: ::1 - POST /sacche/datiSacca HTTP/1.1 400 38 - 13.672 ms

11:01:14 - info: ::1 - GET /nuovasacca HTTP/1.1 304 - - 66.520 ms

11:01:14 - info: ::1 - GET /stylesheets/style.css HTTP/1.1 304 - - 0.367 ms

11:01:14 - info: ::1 - GET /javascript/jquery-3.4.1.min.js HTTP/1.1 304 - - 0.311 ms

11:01:14 - info: ::1 - GET /javascript/Menu.js HTTP/1.1 304 - - 0.231 ms

11:01:14 - info: ::1 - GET /javascript/dettagliSacca.js HTTP/1.1 304 - - 0.278 ms

11:01:14 - info: ::1 - POST /sacche/datiSacca HTTP/1.1 400 38 - 0.553 ms

11:01:14 - info: ::1 - GET /nuovasacca HTTP/1.1 304 - - 60.019 ms

11:01:14 - info: ::1 - GET /stylesheets/style.css HTTP/1.1 304 - - 0.448 ms

11:01:14 - info: ::1 - GET /javascript/jquery-3.4.1.min.js HTTP/1.1 304 - - 0.336 ms

11:01:14 - info: ::1 - GET /javascript/Menu.js HTTP/1.1 304 - - 0.462 ms

11:01:14 - info: ::1 - GET /javascript/dettagliSacca.js HTTP/1.1 304 - - 0.629 ms

11:01:14 - info: ::1 - POST /sacche/datiSacca HTTP/1.1 400 38 - 0.326 ms

11:01:15 - info: ::1 - GET /nuovasacca HTTP/1.1 304 - - 51.327 ms

11:01:15 - info: ::1 - GET /stylesheets/style.css HTTP/1.1 304 - - 0.355 ms

11:01:15 - info: ::1 - GET /javascript/jquery-3.4.1.min.js HTTP/1.1 304 - - 0.358 ms

11:01:15 - info: ::1 - GET /javascript/Menu.js HTTP/1.1 304 - - 0.433 ms

11:01:15 - info: ::1 - GET /javascript/dettagliSacca.js HTTP/1.1 304 - - 0.672 ms

11:01:15 - info: ::1 - POST /sacche/datiSacca HTTP/1.1 400 38 - 0.356 ms

11:01:16 - info: ::1 - GET / HTTP/1.1 304 - - 9.214 ms

11:01:16 - info: ::1 - GET /stylesheets/style.css HTTP/1.1 304 - - 0.414 ms

11:01:16 - info: ::1 - GET /javascript/jquery-3.4.1.min.js HTTP/1.1 304 - - 0.636 ms

11:01:16 - info: ::1 - GET /javascript/Menu.js HTTP/1.1 304 - - 0.471 ms

11:01:16 - info: ::1 - GET /javascript/login.js HTTP/1.1 304 - - 0.377 ms

11:01:22 - info: ::1 - GET /nuovasacca HTTP/1.1 304 - - 109.154 ms

11:01:22 - info: ::1 - GET /stylesheets/style.css HTTP/1.1 304 - - 1.430 ms

11:01:22 - info: ::1 - GET /javascript/jquery-3.4.1.min.js HTTP/1.1 304 - - 1.424 ms

11:01:22 - info: ::1 - GET /javascript/Menu.js HTTP/1.1 304 - - 1.722 ms

11:01:22 - info: ::1 - GET /javascript/dettagliSacca.js HTTP/1.1 304 - - 1.990 ms

11:01:22 - info: ::1 - POST /sacche/datiSacca HTTP/1.1 400 38 - 0.501 ms

11:02:04 - info: ::1 - GET /nuovasacca HTTP/1.1 304 - - 357.482 ms

11:02:04 - info: ::1 - GET /stylesheets/style.css HTTP/1.1 304 - - 2.293 ms

11:02:04 - info: ::1 - GET /javascript/jquery-3.4.1.min.js HTTP/1.1 304 - - 3.218 ms

11:02:04 - info: ::1 - GET /javascript/Menu.js HTTP/1.1 304 - - 3.296 ms

11:02:04 - info: ::1 - GET /javascript/dettagliSacca.js HTTP/1.1 304 - - 3.602 ms

11:02:04 - info: ::1 - POST /sacche/datiSacca HTTP/1.1 400 38 - 13.421 ms

11:02:05 - info: ::1 - GET /nuovasacca HTTP/1.1 304 - - 76.264 ms

11:02:05 - info: ::1 - GET /stylesheets/style.css HTTP/1.1 304 - - 0.436 ms

11:02:05 - info: ::1 - GET /javascript/jquery-3.4.1.min.js HTTP/1.1 304 - - 0.659 ms

11:02:05 - info: ::1 - GET /javascript/Menu.js HTTP/1.1 304 - - 0.434 ms

11:02:05 - info: ::1 - GET /javascript/dettagliSacca.js HTTP/1.1 304 - - 0.621 ms

11:02:05 - info: ::1 - POST /sacche/datiSacca HTTP/1.1 400 38 - 0.563 ms

11:02:05 - info: ::1 - GET /nuovasacca HTTP/1.1 304 - - 52.015 ms

11:02:05 - info: ::1 - GET /stylesheets/style.css HTTP/1.1 304 - - 0.753 ms

11:02:05 - info: ::1 - GET /javascript/jquery-3.4.1.min.js HTTP/1.1 304 - - 1.073 ms

11:02:05 - info: ::1 - GET /javascript/Menu.js HTTP/1.1 304 - - 1.401 ms

11:02:05 - info: ::1 - GET /javascript/dettagliSacca.js HTTP/1.1 304 - - 1.684 ms

11:02:05 - info: ::1 - POST /sacche/datiSacca HTTP/1.1 400 38 - 0.339 ms

11:02:10 - info: ::1 - GET /NuovaSacca?token=undefined HTTP/1.1 200 10052 - 51.510 ms

11:02:10 - info: ::1 - GET /javascript/jquery-3.4.1.min.js HTTP/1.1 304 - - 1.513 ms

11:02:10 - info: ::1 - GET /stylesheets/style.css HTTP/1.1 304 - - 3.254 ms

11:02:10 - info: ::1 - GET /javascript/Menu.js HTTP/1.1 304 - - 2.984 ms

11:02:10 - info: ::1 - GET /javascript/dettagliSacca.js HTTP/1.1 304 - - 3.653 ms

11:02:10 - info: ::1 - POST /sacche/datiSacca HTTP/1.1 400 38 - 0.551 ms

11:02:11 - info: ::1 - GET /NuovaSacca?token=undefined HTTP/1.1 304 - - 41.191 ms

11:02:11 - info: ::1 - GET /stylesheets/style.css HTTP/1.1 304 - - 0.652 ms

11:02:11 - info: ::1 - GET /javascript/jquery-3.4.1.min.js HTTP/1.1 304 - - 0.887 ms

11:02:11 - info: ::1 - GET /javascript/Menu.js HTTP/1.1 304 - - 1.087 ms

11:02:11 - info: ::1 - GET /javascript/dettagliSacca.js HTTP/1.1 304 - - 0.252 ms

11:02:11 - info: ::1 - POST /sacche/datiSacca HTTP/1.1 400 38 - 0.324 ms

11:02:11 - info: ::1 - GET /NuovaSacca?token=undefined HTTP/1.1 304 - - 42.264 ms

11:02:11 - info: ::1 - GET /stylesheets/style.css HTTP/1.1 304 - - 0.315 ms

11:02:11 - info: ::1 - GET /javascript/jquery-3.4.1.min.js HTTP/1.1 304 - - 0.259 ms

11:02:11 - info: ::1 - GET /javascript/Menu.js HTTP/1.1 304 - - 0.868 ms

11:02:11 - info: ::1 - GET /javascript/dettagliSacca.js HTTP/1.1 304 - - 1.180 ms

11:02:12 - info: ::1 - POST /sacche/datiSacca HTTP/1.1 400 38 - 0.311 ms

11:02:12 - info: ::1 - GET /NuovaSacca?token=undefined HTTP/1.1 304 - - 37.440 ms

11:02:12 - info: ::1 - GET /stylesheets/style.css HTTP/1.1 304 - - 0.395 ms

11:02:12 - info: ::1 - GET /javascript/jquery-3.4.1.min.js HTTP/1.1 304 - - 0.491 ms

11:02:12 - info: ::1 - GET /javascript/Menu.js HTTP/1.1 304 - - 0.442 ms

11:02:12 - info: ::1 - GET /javascript/dettagliSacca.js HTTP/1.1 304 - - 0.762 ms

11:02:12 - info: ::1 - POST /sacche/datiSacca HTTP/1.1 400 38 - 0.279 ms

11:02:21 - info: ::1 - GET /NuovaSacca?token=undefined HTTP/1.1 304 - - 101.061 ms

11:02:21 - info: ::1 - GET /stylesheets/style.css HTTP/1.1 304 - - 0.648 ms

11:02:21 - info: ::1 - GET /javascript/jquery-3.4.1.min.js HTTP/1.1 304 - - 1.495 ms

11:02:21 - info: ::1 - GET /javascript/Menu.js HTTP/1.1 304 - - 1.297 ms

11:02:21 - info: ::1 - GET /javascript/dettagliSacca.js HTTP/1.1 304 - - 0.941 ms

11:02:21 - info: ::1 - POST /sacche/datiSacca HTTP/1.1 400 38 - 0.481 ms

11:02:50 - info: ::1 - GET /NuovaSacca?token=undefined HTTP/1.1 304 - - 67.123 ms

11:02:50 - info: ::1 - GET /stylesheets/style.css HTTP/1.1 304 - - 0.556 ms

11:02:50 - info: ::1 - GET /javascript/jquery-3.4.1.min.js HTTP/1.1 304 - - 1.442 ms

11:02:50 - info: ::1 - GET /javascript/Menu.js HTTP/1.1 304 - - 1.111 ms

11:02:50 - info: ::1 - GET /javascript/dettagliSacca.js HTTP/1.1 304 - - 0.708 ms

11:02:50 - info: ::1 - POST /sacche/datiSacca HTTP/1.1 400 38 - 0.346 ms

11:02:50 - info: ::1 - GET /NuovaSacca?token=undefined HTTP/1.1 304 - - 56.968 ms

11:02:50 - info: ::1 - GET /stylesheets/style.css HTTP/1.1 304 - - 1.454 ms

11:02:50 - info: ::1 - GET /javascript/jquery-3.4.1.min.js HTTP/1.1 304 - - 1.722 ms

11:02:50 - info: ::1 - GET /javascript/Menu.js HTTP/1.1 304 - - 2.105 ms

11:02:50 - info: ::1 - GET /javascript/dettagliSacca.js HTTP/1.1 304 - - 2.405 ms

11:02:50 - info: ::1 - POST /sacche/datiSacca HTTP/1.1 400 38 - 0.482 ms

11:02:50 - info: ::1 - GET /NuovaSacca?token=undefined HTTP/1.1 304 - - 46.235 ms

11:02:50 - info: ::1 - GET /stylesheets/style.css HTTP/1.1 304 - - 0.614 ms

11:02:50 - info: ::1 - GET /javascript/jquery-3.4.1.min.js HTTP/1.1 304 - - 0.809 ms

11:02:50 - info: ::1 - GET /javascript/Menu.js HTTP/1.1 304 - - 1.220 ms

11:02:50 - info: ::1 - GET /javascript/dettagliSacca.js HTTP/1.1 304 - - 0.605 ms

11:02:50 - info: ::1 - POST /sacche/datiSacca HTTP/1.1 400 38 - 0.352 ms

11:02:51 - info: ::1 - GET /NuovaSacca?token=undefined HTTP/1.1 304 - - 44.476 ms

11:02:51 - info: ::1 - GET /stylesheets/style.css HTTP/1.1 304 - - 0.451 ms

11:02:51 - info: ::1 - GET /javascript/jquery-3.4.1.min.js HTTP/1.1 304 - - 0.361 ms

11:02:51 - info: ::1 - GET /javascript/Menu.js HTTP/1.1 304 - - 0.662 ms

11:02:51 - info: ::1 - GET /javascript/dettagliSacca.js HTTP/1.1 304 - - 1.176 ms

11:02:51 - info: ::1 - POST /sacche/datiSacca HTTP/1.1 400 38 - 0.366 ms

11:02:54 - info: ::1 - GET /NuovaSacca?token=undefined HTTP/1.1 304 - - 43.776 ms

11:02:54 - info: ::1 - GET /stylesheets/style.css HTTP/1.1 304 - - 1.529 ms

11:02:54 - info: ::1 - GET /javascript/jquery-3.4.1.min.js HTTP/1.1 304 - - 1.736 ms

11:02:54 - info: ::1 - GET /javascript/Menu.js HTTP/1.1 304 - - 1.908 ms

11:02:54 - info: ::1 - GET /javascript/dettagliSacca.js HTTP/1.1 304 - - 2.510 ms

11:02:54 - info: ::1 - POST /sacche/datiSacca HTTP/1.1 400 38 - 0.450 ms

11:02:55 - info: ::1 - GET /NuovaSacca?token=undefined HTTP/1.1 304 - - 44.216 ms

11:02:55 - info: ::1 - GET /stylesheets/style.css HTTP/1.1 304 - - 0.848 ms

11:02:55 - info: ::1 - GET /javascript/jquery-3.4.1.min.js HTTP/1.1 304 - - 0.526 ms

11:02:55 - info: ::1 - GET /javascript/dettagliSacca.js HTTP/1.1 304 - - 0.356 ms

11:02:55 - info: ::1 - GET /javascript/Menu.js HTTP/1.1 304 - - 1.221 ms

11:02:55 - info: ::1 - POST /sacche/datiSacca HTTP/1.1 400 38 - 0.303 ms

11:02:55 - info: ::1 - GET /NuovaSacca?token=undefined HTTP/1.1 304 - - 39.874 ms

11:02:55 - info: ::1 - GET /stylesheets/style.css HTTP/1.1 304 - - 0.964 ms

11:02:55 - info: ::1 - GET /javascript/jquery-3.4.1.min.js HTTP/1.1 304 - - 1.232 ms

11:02:55 - info: ::1 - GET /javascript/Menu.js HTTP/1.1 304 - - 1.354 ms

11:02:55 - info: ::1 - GET /javascript/dettagliSacca.js HTTP/1.1 304 - - 1.632 ms

11:02:55 - info: ::1 - POST /sacche/datiSacca HTTP/1.1 400 38 - 0.335 ms

11:02:55 - info: ::1 - GET /NuovaSacca?token=undefined HTTP/1.1 304 - - 40.338 ms

11:02:55 - info: ::1 - GET /stylesheets/style.css HTTP/1.1 304 - - 0.269 ms

11:02:55 - info: ::1 - GET /javascript/jquery-3.4.1.min.js HTTP/1.1 304 - - 0.308 ms

11:02:55 - info: ::1 - GET /javascript/Menu.js HTTP/1.1 304 - - 0.390 ms

11:02:55 - info: ::1 - GET /javascript/dettagliSacca.js HTTP/1.1 304 - - 0.984 ms

11:02:55 - info: ::1 - POST /sacche/datiSacca HTTP/1.1 400 38 - 0.289 ms

11:02:55 - info: ::1 - GET /NuovaSacca?token=undefined HTTP/1.1 304 - - 41.755 ms

11:02:55 - info: ::1 - GET /stylesheets/style.css HTTP/1.1 304 - - 0.475 ms

11:02:55 - info: ::1 - GET /javascript/jquery-3.4.1.min.js HTTP/1.1 304 - - 0.356 ms

11:02:55 - info: ::1 - GET /javascript/Menu.js HTTP/1.1 304 - - 0.390 ms

11:02:55 - info: ::1 - GET /javascript/dettagliSacca.js HTTP/1.1 304 - - 0.593 ms

11:02:55 - info: ::1 - POST /sacche/datiSacca HTTP/1.1 400 38 - 0.402 ms

11:02:55 - info: ::1 - GET /NuovaSacca?token=undefined HTTP/1.1 304 - - 36.680 ms

11:02:55 - info: ::1 - GET /stylesheets/style.css HTTP/1.1 304 - - 0.484 ms

11:02:55 - info: ::1 - GET /javascript/jquery-3.4.1.min.js HTTP/1.1 304 - - 0.651 ms

11:02:55 - info: ::1 - GET /javascript/Menu.js HTTP/1.1 304 - - 0.385 ms

11:02:55 - info: ::1 - GET /javascript/dettagliSacca.js HTTP/1.1 304 - - 0.566 ms

11:02:55 - info: ::1 - POST /sacche/datiSacca HTTP/1.1 400 38 - 0.297 ms

11:02:55 - info: ::1 - GET /NuovaSacca?token=undefined HTTP/1.1 304 - - 37.754 ms

11:02:55 - info: ::1 - GET /stylesheets/style.css HTTP/1.1 304 - - 0.304 ms

11:02:55 - info: ::1 - GET /javascript/jquery-3.4.1.min.js HTTP/1.1 304 - - 0.348 ms

11:02:55 - info: ::1 - GET /javascript/Menu.js HTTP/1.1 304 - - 0.367 ms

11:02:55 - info: ::1 - GET /javascript/dettagliSacca.js HTTP/1.1 304 - - 0.345 ms

11:02:55 - info: ::1 - POST /sacche/datiSacca HTTP/1.1 400 38 - 0.303 ms

11:02:56 - info: ::1 - GET /NuovaSacca?token=undefined HTTP/1.1 304 - - 36.376 ms

11:02:56 - info: ::1 - GET /stylesheets/style.css HTTP/1.1 304 - - 0.828 ms

11:02:56 - info: ::1 - GET /javascript/jquery-3.4.1.min.js HTTP/1.1 304 - - 0.325 ms

11:02:56 - info: ::1 - GET /javascript/Menu.js HTTP/1.1 304 - - 0.399 ms

11:02:56 - info: ::1 - GET /javascript/dettagliSacca.js HTTP/1.1 304 - - 0.600 ms

11:02:56 - info: ::1 - POST /sacche/datiSacca HTTP/1.1 400 38 - 0.302 ms

11:02:56 - info: ::1 - GET /NuovaSacca?token=undefined HTTP/1.1 304 - - 37.033 ms

11:02:56 - info: ::1 - GET /stylesheets/style.css HTTP/1.1 304 - - 0.411 ms

11:02:56 - info: ::1 - GET /javascript/jquery-3.4.1.min.js HTTP/1.1 304 - - 0.315 ms

11:02:56 - info: ::1 - GET /javascript/Menu.js HTTP/1.1 304 - - 0.405 ms

11:02:56 - info: ::1 - GET /javascript/dettagliSacca.js HTTP/1.1 304 - - 0.649 ms

11:02:56 - info: ::1 - POST /sacche/datiSacca HTTP/1.1 400 38 - 0.335 ms

11:02:56 - info: ::1 - GET /NuovaSacca?token=undefined HTTP/1.1 304 - - 36.461 ms

11:02:56 - info: ::1 - GET /stylesheets/style.css HTTP/1.1 304 - - 0.928 ms

11:02:56 - info: ::1 - GET /javascript/jquery-3.4.1.min.js HTTP/1.1 304 - - 1.327 ms

11:02:56 - info: ::1 - GET /javascript/Menu.js HTTP/1.1 304 - - 0.312 ms

11:02:56 - info: ::1 - GET /javascript/dettagliSacca.js HTTP/1.1 304 - - 0.471 ms

11:02:56 - info: ::1 - POST /sacche/datiSacca HTTP/1.1 400 38 - 0.242 ms

11:03:33 - info: ::1 - GET / HTTP/1.1 200 1635 - 313.733 ms

11:03:34 - info: ::1 - GET /stylesheets/style.css HTTP/1.1 200 5849 - 3.872 ms

11:03:34 - info: ::1 - GET /javascript/jquery-3.4.1.min.js HTTP/1.1 200 88147 - 4.939 ms

11:03:34 - info: ::1 - GET /javascript/Menu.js HTTP/1.1 200 599 - 3.334 ms

11:03:34 - info: ::1 - GET /javascript/login.js HTTP/1.1 200 698 - 3.571 ms

11:03:36 - info: ::1 - GET /favicon.ico HTTP/1.1 404 3755 - 36.412 ms

11:03:52 - info: uid: 3B33A159 auth: true
11:03:52 - info: ::1 - POST /loginMethod HTTP/1.1 200 148 - 25.096 ms

11:03:53 - info: ::1 - GET /home?token=eyJhbGciOiJIUzI1NiIsInR5cCI6IkpXVCJ9.eyJpZCI6IjVhYjhiMTMzZDNlNzZkODFlN2QxYjdkNSIsImlhdCI6MTU2MDUwMzAzMn0.Ff808zBSPxEc72NG7426lG_B5UslpoUgN2e2Jvyg4E4&uid=3B33A159 HTTP/1.1 200 2502 - 57.069 ms

11:03:53 - info: ::1 - GET /stylesheets/style.css HTTP/1.1 304 - - 0.883 ms

11:03:53 - info: ::1 - GET /javascript/jquery-3.4.1.min.js HTTP/1.1 304 - - 0.468 ms

11:03:53 - info: ::1 - GET /javascript/Menu.js HTTP/1.1 304 - - 0.820 ms

11:03:53 - info: ::1 - GET /javascript/home.js HTTP/1.1 200 2759 - 32.606 ms

11:03:53 - info: ::1 - POST /sacche/datiSacche HTTP/1.1 200 1576 - 6.044 ms

11:03:54 - info: ::1 - GET /NuovaSacca?token=eyJhbGciOiJIUzI1NiIsInR5cCI6IkpXVCJ9.eyJpZCI6IjVhYjhiMTMzZDNlNzZkODFlN2QxYjdkNSIsImlhdCI6MTU2MDUwMzAzMn0.Ff808zBSPxEc72NG7426lG_B5UslpoUgN2e2Jvyg4E4 HTTP/1.1 200 10052 - 95.707 ms

11:03:54 - info: ::1 - GET /stylesheets/style.css HTTP/1.1 304 - - 0.613 ms

11:03:54 - info: ::1 - GET /javascript/jquery-3.4.1.min.js HTTP/1.1 304 - - 0.636 ms

11:03:54 - info: ::1 - GET /javascript/dettagliSacca.js HTTP/1.1 200 2694 - 1.483 ms

11:03:54 - info: ::1 - GET /javascript/Menu.js HTTP/1.1 304 - - 1.083 ms

11:03:55 - info: ::1 - POST /sacche/datiSacca HTTP/1.1 400 38 - 0.466 ms

11:04:51 - info: ::1 - GET /NuovaSacca?token=undefined HTTP/1.1 304 - - 79.120 ms

11:04:51 - info: ::1 - GET /stylesheets/style.css HTTP/1.1 304 - - 1.028 ms

11:04:51 - info: ::1 - GET /javascript/jquery-3.4.1.min.js HTTP/1.1 304 - - 1.118 ms

11:04:51 - info: ::1 - GET /javascript/Menu.js HTTP/1.1 304 - - 1.556 ms

11:04:51 - info: ::1 - GET /javascript/dettagliSacca.js HTTP/1.1 304 - - 2.474 ms

11:04:51 - info: ::1 - POST /sacche/datiSacca HTTP/1.1 400 38 - 0.344 ms

11:04:52 - info: ::1 - GET /NuovaSacca?token=undefined HTTP/1.1 304 - - 44.118 ms

11:04:52 - info: ::1 - GET /stylesheets/style.css HTTP/1.1 304 - - 3.987 ms

11:04:52 - info: ::1 - GET /javascript/jquery-3.4.1.min.js HTTP/1.1 304 - - 4.222 ms

11:04:52 - info: ::1 - GET /javascript/Menu.js HTTP/1.1 304 - - 2.567 ms

11:04:52 - info: ::1 - GET /javascript/dettagliSacca.js HTTP/1.1 304 - - 2.890 ms

11:04:52 - info: ::1 - POST /sacche/datiSacca HTTP/1.1 400 38 - 0.556 ms

11:04:53 - info: ::1 - GET /NuovaSacca?token=undefined HTTP/1.1 304 - - 45.660 ms

11:04:53 - info: ::1 - GET /stylesheets/style.css HTTP/1.1 304 - - 0.685 ms

11:04:53 - info: ::1 - GET /javascript/jquery-3.4.1.min.js HTTP/1.1 304 - - 0.264 ms

11:04:53 - info: ::1 - GET /javascript/Menu.js HTTP/1.1 304 - - 0.389 ms

11:04:53 - info: ::1 - GET /javascript/dettagliSacca.js HTTP/1.1 304 - - 0.605 ms

11:04:53 - info: ::1 - POST /sacche/datiSacca HTTP/1.1 400 38 - 0.307 ms

11:04:53 - info: ::1 - GET /NuovaSacca?token=undefined HTTP/1.1 200 10052 - 43.017 ms

11:04:53 - info: ::1 - GET /stylesheets/style.css HTTP/1.1 304 - - 0.764 ms

11:04:53 - info: ::1 - GET /javascript/jquery-3.4.1.min.js HTTP/1.1 304 - - 0.288 ms

11:04:53 - info: ::1 - GET /javascript/Menu.js HTTP/1.1 304 - - 0.748 ms

11:04:53 - info: ::1 - GET /javascript/dettagliSacca.js HTTP/1.1 304 - - 0.658 ms

11:04:53 - info: ::1 - POST /sacche/datiSacca HTTP/1.1 400 38 - 0.264 ms

11:05:37 - info: ::1 - GET /NuovaSacca?token=undefined HTTP/1.1 304 - - 362.595 ms

11:05:37 - info: ::1 - GET /javascript/jquery-3.4.1.min.js HTTP/1.1 304 - - 1.965 ms

11:05:37 - info: ::1 - GET /stylesheets/style.css HTTP/1.1 304 - - 4.301 ms

11:05:37 - info: ::1 - GET /javascript/Menu.js HTTP/1.1 304 - - 3.701 ms

11:05:37 - info: ::1 - GET /javascript/dettagliSacca.js HTTP/1.1 304 - - 4.276 ms

11:05:37 - info: ::1 - POST /sacche/datiSacca HTTP/1.1 400 38 - 14.815 ms

11:05:49 - info: ::1 - GET /NuovaSacca?token=undefined HTTP/1.1 304 - - 120.255 ms

11:05:49 - info: ::1 - GET /stylesheets/style.css HTTP/1.1 304 - - 1.107 ms

11:05:49 - info: ::1 - GET /javascript/jquery-3.4.1.min.js HTTP/1.1 304 - - 1.392 ms

11:05:49 - info: ::1 - GET /javascript/Menu.js HTTP/1.1 304 - - 1.528 ms

11:05:49 - info: ::1 - GET /javascript/dettagliSacca.js HTTP/1.1 304 - - 1.685 ms

11:05:49 - info: ::1 - POST /sacche/datiSacca HTTP/1.1 400 38 - 0.695 ms

11:06:43 - info: ::1 - GET /NuovaSacca?token=undefined HTTP/1.1 304 - - 62.547 ms

11:06:43 - info: ::1 - GET /stylesheets/style.css HTTP/1.1 304 - - 0.360 ms

11:06:43 - info: ::1 - GET /javascript/jquery-3.4.1.min.js HTTP/1.1 304 - - 0.704 ms

11:06:43 - info: ::1 - GET /javascript/Menu.js HTTP/1.1 304 - - 1.008 ms

11:06:43 - info: ::1 - GET /javascript/dettagliSacca.js HTTP/1.1 304 - - 0.495 ms

11:06:43 - info: ::1 - POST /sacche/datiSacca HTTP/1.1 400 38 - 0.381 ms

11:06:43 - info: ::1 - GET /NuovaSacca?token=undefined HTTP/1.1 304 - - 60.102 ms

11:06:43 - info: ::1 - GET /stylesheets/style.css HTTP/1.1 304 - - 1.632 ms

11:06:43 - info: ::1 - GET /javascript/jquery-3.4.1.min.js HTTP/1.1 304 - - 5.012 ms

11:06:43 - info: ::1 - GET /javascript/Menu.js HTTP/1.1 304 - - 5.360 ms

11:06:43 - info: ::1 - GET /javascript/dettagliSacca.js HTTP/1.1 304 - - 5.672 ms

11:06:44 - info: ::1 - POST /sacche/datiSacca HTTP/1.1 400 38 - 0.672 ms

11:06:44 - info: ::1 - GET /NuovaSacca?token=undefined HTTP/1.1 304 - - 46.996 ms

11:06:44 - info: ::1 - GET /stylesheets/style.css HTTP/1.1 304 - - 0.537 ms

11:06:44 - info: ::1 - GET /javascript/jquery-3.4.1.min.js HTTP/1.1 304 - - 0.735 ms

11:06:44 - info: ::1 - GET /javascript/Menu.js HTTP/1.1 304 - - 0.415 ms

11:06:44 - info: ::1 - GET /javascript/dettagliSacca.js HTTP/1.1 304 - - 0.617 ms

11:06:44 - info: ::1 - POST /sacche/datiSacca HTTP/1.1 400 38 - 0.487 ms

11:06:45 - info: ::1 - GET /NuovaSacca?token=undefined HTTP/1.1 304 - - 41.064 ms

11:06:45 - info: ::1 - GET /stylesheets/style.css HTTP/1.1 304 - - 0.524 ms

11:06:45 - info: ::1 - GET /javascript/jquery-3.4.1.min.js HTTP/1.1 304 - - 1.990 ms

11:06:45 - info: ::1 - GET /javascript/Menu.js HTTP/1.1 304 - - 0.392 ms

11:06:45 - info: ::1 - GET /javascript/dettagliSacca.js HTTP/1.1 304 - - 0.628 ms

11:06:45 - info: ::1 - POST /sacche/datiSacca HTTP/1.1 400 38 - 0.323 ms

11:06:45 - info: ::1 - GET /NuovaSacca?token=undefined HTTP/1.1 304 - - 37.699 ms

11:06:45 - info: ::1 - GET /stylesheets/style.css HTTP/1.1 304 - - 2.048 ms

11:06:45 - info: ::1 - GET /javascript/jquery-3.4.1.min.js HTTP/1.1 304 - - 2.488 ms

11:06:45 - info: ::1 - GET /javascript/Menu.js HTTP/1.1 304 - - 2.794 ms

11:06:45 - info: ::1 - GET /javascript/dettagliSacca.js HTTP/1.1 304 - - 3.106 ms

11:06:45 - info: ::1 - POST /sacche/datiSacca HTTP/1.1 400 38 - 0.551 ms

11:06:45 - info: ::1 - GET /NuovaSacca?token=undefined HTTP/1.1 304 - - 41.627 ms

11:06:45 - info: ::1 - GET /stylesheets/style.css HTTP/1.1 304 - - 0.735 ms

11:06:45 - info: ::1 - GET /javascript/jquery-3.4.1.min.js HTTP/1.1 304 - - 0.734 ms

11:06:45 - info: ::1 - GET /javascript/Menu.js HTTP/1.1 304 - - 0.414 ms

11:06:45 - info: ::1 - GET /javascript/dettagliSacca.js HTTP/1.1 304 - - 0.605 ms

11:06:45 - info: ::1 - POST /sacche/datiSacca HTTP/1.1 400 38 - 0.443 ms

11:06:45 - info: ::1 - GET /NuovaSacca?token=undefined HTTP/1.1 304 - - 42.082 ms

11:06:45 - info: ::1 - GET /stylesheets/style.css HTTP/1.1 304 - - 0.379 ms

11:06:45 - info: ::1 - GET /javascript/jquery-3.4.1.min.js HTTP/1.1 304 - - 0.248 ms

11:06:45 - info: ::1 - GET /javascript/Menu.js HTTP/1.1 304 - - 0.475 ms

11:06:45 - info: ::1 - GET /javascript/dettagliSacca.js HTTP/1.1 304 - - 0.794 ms

11:06:45 - info: ::1 - POST /sacche/datiSacca HTTP/1.1 400 38 - 0.329 ms

11:06:46 - info: ::1 - GET /NuovaSacca?token=undefined HTTP/1.1 304 - - 38.847 ms

11:06:46 - info: ::1 - GET /stylesheets/style.css HTTP/1.1 304 - - 0.662 ms

11:06:46 - info: ::1 - GET /javascript/jquery-3.4.1.min.js HTTP/1.1 304 - - 0.387 ms

11:06:46 - info: ::1 - GET /javascript/Menu.js HTTP/1.1 304 - - 0.399 ms

11:06:46 - info: ::1 - GET /javascript/dettagliSacca.js HTTP/1.1 304 - - 0.722 ms

11:06:46 - info: ::1 - POST /sacche/datiSacca HTTP/1.1 400 38 - 0.345 ms

11:06:46 - info: ::1 - GET /NuovaSacca?token=undefined HTTP/1.1 304 - - 37.328 ms

11:06:46 - info: ::1 - GET /stylesheets/style.css HTTP/1.1 304 - - 0.635 ms

11:06:46 - info: ::1 - GET /javascript/jquery-3.4.1.min.js HTTP/1.1 304 - - 0.541 ms

11:06:46 - info: ::1 - GET /javascript/Menu.js HTTP/1.1 304 - - 0.892 ms

11:06:46 - info: ::1 - GET /javascript/dettagliSacca.js HTTP/1.1 304 - - 0.224 ms

11:06:46 - info: ::1 - POST /sacche/datiSacca HTTP/1.1 400 38 - 0.391 ms

11:06:46 - info: ::1 - GET /NuovaSacca?token=undefined HTTP/1.1 304 - - 36.835 ms

11:06:46 - info: ::1 - GET /stylesheets/style.css HTTP/1.1 304 - - 1.454 ms

11:06:46 - info: ::1 - GET /javascript/jquery-3.4.1.min.js HTTP/1.1 304 - - 0.884 ms

11:06:46 - info: ::1 - GET /javascript/Menu.js HTTP/1.1 304 - - 0.325 ms

11:06:46 - info: ::1 - GET /javascript/dettagliSacca.js HTTP/1.1 304 - - 0.319 ms

11:06:46 - info: ::1 - POST /sacche/datiSacca HTTP/1.1 400 38 - 0.386 ms

11:06:46 - info: ::1 - GET /NuovaSacca?token=undefined HTTP/1.1 304 - - 37.057 ms

11:06:46 - info: ::1 - GET /stylesheets/style.css HTTP/1.1 304 - - 0.501 ms

11:06:46 - info: ::1 - GET /javascript/jquery-3.4.1.min.js HTTP/1.1 304 - - 0.664 ms

11:06:46 - info: ::1 - GET /javascript/Menu.js HTTP/1.1 304 - - 0.661 ms

11:06:46 - info: ::1 - GET /javascript/dettagliSacca.js HTTP/1.1 304 - - 0.338 ms

11:06:46 - info: ::1 - POST /sacche/datiSacca HTTP/1.1 400 38 - 0.344 ms

11:06:47 - info: ::1 - GET /NuovaSacca?token=undefined HTTP/1.1 304 - - 39.220 ms

11:06:47 - info: ::1 - GET /stylesheets/style.css HTTP/1.1 304 - - 1.575 ms

11:06:47 - info: ::1 - GET /javascript/jquery-3.4.1.min.js HTTP/1.1 304 - - 2.381 ms

11:06:47 - info: ::1 - GET /javascript/Menu.js HTTP/1.1 304 - - 2.914 ms

11:06:47 - info: ::1 - GET /javascript/dettagliSacca.js HTTP/1.1 304 - - 3.220 ms

11:06:47 - info: ::1 - POST /sacche/datiSacca HTTP/1.1 400 38 - 0.475 ms

11:06:47 - info: ::1 - GET /NuovaSacca?token=undefined HTTP/1.1 304 - - 36.647 ms

11:06:47 - info: ::1 - GET /stylesheets/style.css HTTP/1.1 304 - - 0.656 ms

11:06:47 - info: ::1 - GET /javascript/jquery-3.4.1.min.js HTTP/1.1 304 - - 0.402 ms

11:06:47 - info: ::1 - GET /javascript/Menu.js HTTP/1.1 304 - - 0.751 ms

11:06:47 - info: ::1 - GET /javascript/dettagliSacca.js HTTP/1.1 304 - - 0.252 ms

11:06:47 - info: ::1 - POST /sacche/datiSacca HTTP/1.1 400 38 - 0.545 ms

11:06:47 - info: ::1 - GET /NuovaSacca?token=undefined HTTP/1.1 304 - - 40.486 ms

11:06:47 - info: ::1 - GET /stylesheets/style.css HTTP/1.1 304 - - 0.326 ms

11:06:47 - info: ::1 - GET /javascript/jquery-3.4.1.min.js HTTP/1.1 304 - - 0.236 ms

11:06:47 - info: ::1 - GET /javascript/Menu.js HTTP/1.1 304 - - 0.348 ms

11:06:47 - info: ::1 - GET /javascript/dettagliSacca.js HTTP/1.1 304 - - 1.090 ms

11:06:47 - info: ::1 - POST /sacche/datiSacca HTTP/1.1 400 38 - 0.291 ms

11:06:47 - info: ::1 - GET /NuovaSacca?token=undefined HTTP/1.1 304 - - 35.442 ms

11:06:47 - info: ::1 - GET /stylesheets/style.css HTTP/1.1 304 - - 0.439 ms

11:06:47 - info: ::1 - GET /javascript/jquery-3.4.1.min.js HTTP/1.1 304 - - 0.445 ms

11:06:47 - info: ::1 - GET /javascript/Menu.js HTTP/1.1 304 - - 0.837 ms

11:06:47 - info: ::1 - GET /javascript/dettagliSacca.js HTTP/1.1 304 - - 0.608 ms

11:06:47 - info: ::1 - POST /sacche/datiSacca HTTP/1.1 400 38 - 0.338 ms

11:06:47 - info: ::1 - GET /NuovaSacca?token=undefined HTTP/1.1 304 - - 38.158 ms

11:06:47 - info: ::1 - GET /stylesheets/style.css HTTP/1.1 304 - - 0.353 ms

11:06:47 - info: ::1 - GET /javascript/jquery-3.4.1.min.js HTTP/1.1 304 - - 0.291 ms

11:06:47 - info: ::1 - GET /javascript/Menu.js HTTP/1.1 304 - - 0.346 ms

11:06:47 - info: ::1 - GET /javascript/dettagliSacca.js HTTP/1.1 304 - - 0.275 ms

11:06:47 - info: ::1 - POST /sacche/datiSacca HTTP/1.1 400 38 - 0.377 ms

11:06:48 - info: ::1 - GET /NuovaSacca?token=undefined HTTP/1.1 304 - - 36.282 ms

11:06:48 - info: ::1 - GET /stylesheets/style.css HTTP/1.1 304 - - 0.666 ms

11:06:48 - info: ::1 - GET /javascript/jquery-3.4.1.min.js HTTP/1.1 304 - - 0.973 ms

11:06:48 - info: ::1 - GET /javascript/Menu.js HTTP/1.1 304 - - 0.906 ms

11:06:48 - info: ::1 - GET /javascript/dettagliSacca.js HTTP/1.1 304 - - 1.044 ms

11:06:48 - info: ::1 - POST /sacche/datiSacca HTTP/1.1 400 38 - 0.264 ms

11:06:48 - info: ::1 - GET /NuovaSacca?token=undefined HTTP/1.1 304 - - 35.348 ms

11:06:48 - info: ::1 - GET /stylesheets/style.css HTTP/1.1 304 - - 0.478 ms

11:06:48 - info: ::1 - GET /javascript/jquery-3.4.1.min.js HTTP/1.1 304 - - 0.363 ms

11:06:48 - info: ::1 - GET /javascript/Menu.js HTTP/1.1 304 - - 0.376 ms

11:06:48 - info: ::1 - GET /javascript/dettagliSacca.js HTTP/1.1 304 - - 0.604 ms

11:06:48 - info: ::1 - POST /sacche/datiSacca HTTP/1.1 400 38 - 0.290 ms

11:06:48 - info: ::1 - GET /NuovaSacca?token=undefined HTTP/1.1 304 - - 36.402 ms

11:06:48 - info: ::1 - GET /stylesheets/style.css HTTP/1.1 304 - - 1.446 ms

11:06:48 - info: ::1 - GET /javascript/jquery-3.4.1.min.js HTTP/1.1 304 - - 1.666 ms

11:06:48 - info: ::1 - GET /javascript/Menu.js HTTP/1.1 304 - - 2.003 ms

11:06:48 - info: ::1 - GET /javascript/dettagliSacca.js HTTP/1.1 304 - - 2.472 ms

11:06:48 - info: ::1 - POST /sacche/datiSacca HTTP/1.1 400 38 - 0.777 ms

11:12:39 - info: ::1 - GET /NuovaSacca?token=undefined HTTP/1.1 200 6274 - 323.307 ms

11:12:39 - info: ::1 - GET /stylesheets/style.css HTTP/1.1 304 - - 2.262 ms

11:12:39 - info: ::1 - GET /javascript/jquery-3.4.1.min.js HTTP/1.1 304 - - 2.724 ms

11:12:39 - info: ::1 - GET /javascript/Menu.js HTTP/1.1 304 - - 3.139 ms

11:12:39 - info: ::1 - GET /javascript/nuovaSacca.js HTTP/1.1 200 689 - 13.660 ms

11:13:48 - info: ::1 - GET /NuovaSacca?token=undefined HTTP/1.1 200 6282 - 343.914 ms

11:13:48 - info: ::1 - GET /stylesheets/style.css HTTP/1.1 304 - - 2.613 ms

11:13:48 - info: ::1 - GET /javascript/Menu.js HTTP/1.1 304 - - 3.135 ms

11:13:48 - info: ::1 - GET /javascript/jquery-3.4.1.min.js HTTP/1.1 304 - - 4.284 ms

11:13:48 - info: ::1 - GET /javascript/nuovaSacca.js HTTP/1.1 304 - - 4.473 ms

11:14:23 - info: ::1 - GET /NuovaSacca?token=undefined HTTP/1.1 200 6242 - 325.280 ms

11:14:23 - info: ::1 - GET /stylesheets/style.css HTTP/1.1 304 - - 2.639 ms

11:14:23 - info: ::1 - GET /javascript/jquery-3.4.1.min.js HTTP/1.1 304 - - 3.996 ms

11:14:23 - info: ::1 - GET /javascript/Menu.js HTTP/1.1 304 - - 4.695 ms

11:14:23 - info: ::1 - GET /javascript/nuovaSacca.js HTTP/1.1 304 - - 5.206 ms

11:15:18 - info: ::1 - GET /NuovaSacca?token=undefined HTTP/1.1 200 6298 - 327.029 ms

11:15:18 - info: ::1 - GET /stylesheets/style.css HTTP/1.1 304 - - 2.286 ms

11:15:18 - info: ::1 - GET /javascript/jquery-3.4.1.min.js HTTP/1.1 304 - - 2.985 ms

11:15:18 - info: ::1 - GET /javascript/Menu.js HTTP/1.1 304 - - 3.195 ms

11:15:18 - info: ::1 - GET /javascript/nuovaSacca.js HTTP/1.1 304 - - 3.528 ms

11:16:09 - info: ::1 - GET /NuovaSacca?token=undefined HTTP/1.1 200 6334 - 330.062 ms

11:16:09 - info: ::1 - GET /stylesheets/style.css HTTP/1.1 304 - - 4.219 ms

11:16:09 - info: ::1 - GET /javascript/jquery-3.4.1.min.js HTTP/1.1 304 - - 4.145 ms

11:16:09 - info: ::1 - GET /javascript/Menu.js HTTP/1.1 304 - - 3.650 ms

11:16:09 - info: ::1 - GET /javascript/nuovaSacca.js HTTP/1.1 304 - - 3.915 ms

11:16:38 - info: ::1 - GET /NuovaSacca?token=undefined HTTP/1.1 200 6306 - 323.277 ms

11:16:38 - info: ::1 - GET /javascript/jquery-3.4.1.min.js HTTP/1.1 304 - - 1.898 ms

11:16:38 - info: ::1 - GET /stylesheets/style.css HTTP/1.1 304 - - 3.864 ms

11:16:38 - info: ::1 - GET /javascript/Menu.js HTTP/1.1 304 - - 3.446 ms

11:16:38 - info: ::1 - GET /javascript/nuovaSacca.js HTTP/1.1 304 - - 3.904 ms

11:17:01 - info: ::1 - GET /NuovaSacca?token=undefined HTTP/1.1 200 6306 - 326.506 ms

11:17:02 - info: ::1 - GET /stylesheets/style.css HTTP/1.1 304 - - 2.781 ms

11:17:02 - info: ::1 - GET /javascript/jquery-3.4.1.min.js HTTP/1.1 304 - - 3.083 ms

11:17:02 - info: ::1 - GET /javascript/Menu.js HTTP/1.1 304 - - 2.976 ms

11:17:02 - info: ::1 - GET /javascript/nuovaSacca.js HTTP/1.1 304 - - 3.218 ms

11:17:22 - info: ::1 - GET /NuovaSacca?token=undefined HTTP/1.1 200 6334 - 318.380 ms

11:17:22 - info: ::1 - GET /stylesheets/style.css HTTP/1.1 304 - - 2.649 ms

11:17:22 - info: ::1 - GET /javascript/jquery-3.4.1.min.js HTTP/1.1 304 - - 3.220 ms

11:17:22 - info: ::1 - GET /javascript/Menu.js HTTP/1.1 304 - - 3.374 ms

11:17:22 - info: ::1 - GET /javascript/nuovaSacca.js HTTP/1.1 304 - - 3.777 ms

11:18:08 - info: ::1 - GET /NuovaSacca?token=undefined HTTP/1.1 304 - - 370.514 ms

11:18:08 - info: ::1 - GET /stylesheets/style.css HTTP/1.1 304 - - 2.255 ms

11:18:08 - info: ::1 - GET /javascript/jquery-3.4.1.min.js HTTP/1.1 304 - - 3.744 ms

11:18:08 - info: ::1 - GET /javascript/Menu.js HTTP/1.1 304 - - 4.581 ms

11:18:08 - info: ::1 - GET /javascript/nuovaSacca.js HTTP/1.1 304 - - 5.536 ms

11:18:43 - info: ::1 - GET /NuovaSacca?token=undefined HTTP/1.1 200 6314 - 327.762 ms

11:18:43 - info: ::1 - GET /stylesheets/style.css HTTP/1.1 304 - - 2.671 ms

11:18:43 - info: ::1 - GET /javascript/jquery-3.4.1.min.js HTTP/1.1 304 - - 2.951 ms

11:18:43 - info: ::1 - GET /javascript/Menu.js HTTP/1.1 304 - - 3.484 ms

11:18:43 - info: ::1 - GET /javascript/nuovaSacca.js HTTP/1.1 304 - - 4.421 ms

11:20:19 - info: ::1 - GET /NuovaSacca?token=undefined HTTP/1.1 200 6074 - 333.450 ms

11:20:19 - info: ::1 - GET /stylesheets/style.css HTTP/1.1 304 - - 2.414 ms

11:20:19 - info: ::1 - GET /javascript/jquery-3.4.1.min.js HTTP/1.1 304 - - 3.233 ms

11:20:19 - info: ::1 - GET /javascript/Menu.js HTTP/1.1 304 - - 3.234 ms

11:20:19 - info: ::1 - GET /javascript/nuovaSacca.js HTTP/1.1 304 - - 3.668 ms

11:23:11 - info: ::1 - GET /NuovaSacca?token=undefined HTTP/1.1 200 6100 - 350.051 ms

11:23:11 - info: ::1 - GET /javascript/jquery-3.4.1.min.js HTTP/1.1 304 - - 1.721 ms

11:23:11 - info: ::1 - GET /stylesheets/style.css HTTP/1.1 304 - - 3.641 ms

11:23:11 - info: ::1 - GET /javascript/Menu.js HTTP/1.1 304 - - 3.189 ms

11:23:11 - info: ::1 - GET /javascript/nuovaSacca.js HTTP/1.1 304 - - 3.720 ms

11:23:14 - info: ::1 - GET /NuovaSacca?token=undefined HTTP/1.1 304 - - 49.189 ms

11:23:14 - info: ::1 - GET /stylesheets/style.css HTTP/1.1 304 - - 0.463 ms

11:23:14 - info: ::1 - GET /javascript/jquery-3.4.1.min.js HTTP/1.1 304 - - 0.271 ms

11:23:14 - info: ::1 - GET /javascript/Menu.js HTTP/1.1 304 - - 0.521 ms

11:23:14 - info: ::1 - GET /javascript/nuovaSacca.js HTTP/1.1 304 - - 0.711 ms

11:26:42 - info: ::1 - GET /NuovaSacca?token=undefined HTTP/1.1 200 6099 - 320.726 ms

11:26:42 - info: ::1 - GET /javascript/jquery-3.4.1.min.js HTTP/1.1 304 - - 2.212 ms

11:26:42 - info: ::1 - GET /javascript/Menu.js HTTP/1.1 304 - - 3.066 ms

11:26:42 - info: ::1 - GET /stylesheets/style.css HTTP/1.1 304 - - 4.906 ms

11:26:42 - info: ::1 - GET /javascript/nuovaSacca.js HTTP/1.1 304 - - 4.139 ms

11:27:57 - info: ::1 - GET /NuovaSacca?token=undefined HTTP/1.1 200 6399 - 322.554 ms

11:27:57 - info: ::1 - GET /stylesheets/style.css HTTP/1.1 304 - - 2.259 ms

11:27:57 - info: ::1 - GET /javascript/jquery-3.4.1.min.js HTTP/1.1 304 - - 3.226 ms

11:27:57 - info: ::1 - GET /javascript/Menu.js HTTP/1.1 304 - - 3.706 ms

11:27:57 - info: ::1 - GET /javascript/nuovaSacca.js HTTP/1.1 304 - - 4.271 ms

11:28:52 - info: ::1 - GET /NuovaSacca?token=undefined HTTP/1.1 200 6387 - 323.908 ms

11:28:52 - info: ::1 - GET /stylesheets/style.css HTTP/1.1 304 - - 3.058 ms

11:28:52 - info: ::1 - GET /javascript/jquery-3.4.1.min.js HTTP/1.1 304 - - 4.091 ms

11:28:52 - info: ::1 - GET /javascript/Menu.js HTTP/1.1 304 - - 4.074 ms

11:28:52 - info: ::1 - GET /javascript/nuovaSacca.js HTTP/1.1 304 - - 4.161 ms

11:30:27 - info: ::1 - GET /NuovaSacca?token=undefined HTTP/1.1 200 6398 - 327.885 ms

11:30:27 - info: ::1 - GET /stylesheets/style.css HTTP/1.1 304 - - 2.386 ms

11:30:27 - info: ::1 - GET /javascript/jquery-3.4.1.min.js HTTP/1.1 304 - - 3.003 ms

11:30:27 - info: ::1 - GET /javascript/Menu.js HTTP/1.1 304 - - 3.222 ms

11:30:27 - info: ::1 - GET /javascript/nuovaSacca.js HTTP/1.1 304 - - 3.671 ms

11:30:41 - info: ::1 - GET /NuovaSacca?token=undefined HTTP/1.1 200 6398 - 316.549 ms

11:30:41 - info: ::1 - GET /stylesheets/style.css HTTP/1.1 304 - - 2.568 ms

11:30:41 - info: ::1 - GET /javascript/jquery-3.4.1.min.js HTTP/1.1 304 - - 3.034 ms

11:30:41 - info: ::1 - GET /javascript/Menu.js HTTP/1.1 304 - - 3.324 ms

11:30:41 - info: ::1 - GET /javascript/nuovaSacca.js HTTP/1.1 304 - - 3.696 ms

11:31:11 - info: ::1 - GET /NuovaSacca?token=undefined HTTP/1.1 200 6398 - 327.026 ms

11:31:11 - info: ::1 - GET /stylesheets/style.css HTTP/1.1 304 - - 2.489 ms

11:31:11 - info: ::1 - GET /javascript/jquery-3.4.1.min.js HTTP/1.1 304 - - 2.705 ms

11:31:11 - info: ::1 - GET /javascript/Menu.js HTTP/1.1 304 - - 2.951 ms

11:31:11 - info: ::1 - GET /javascript/nuovaSacca.js HTTP/1.1 304 - - 3.172 ms

11:31:25 - info: ::1 - GET /NuovaSacca?token=undefined HTTP/1.1 200 6387 - 329.227 ms

11:31:25 - info: ::1 - GET /stylesheets/style.css HTTP/1.1 304 - - 2.997 ms

11:31:25 - info: ::1 - GET /javascript/jquery-3.4.1.min.js HTTP/1.1 304 - - 3.942 ms

11:31:25 - info: ::1 - GET /javascript/Menu.js HTTP/1.1 304 - - 3.810 ms

11:31:25 - info: ::1 - GET /javascript/nuovaSacca.js HTTP/1.1 304 - - 4.374 ms

